15.5 45.2 0.20234122785685006 HRV 0
64.0 41.0 0.5689140724658072 UZB 1
25.0 43.0 0.2832197992700067 BGR 2
-13.0 24.5 0.4386714603698077 ESH 3
10.0 2.0 0.1424531216365195 GNQ 4
21.0 44.0 0.25282996527988697 SRB 5
-2.0 13.0 0.4443794405580664 BFA 6
1.2 8.0 0.2026823104792855 TGO 7
60.0 40.0 0.594227975041255 TKM 8
25.0 57.0 0.21611112430950122 LVA 9
9.0 51.0 0.5082790815626261 DEU 10
100.0 15.0 0.6092678062146279 THA 11
47.5 40.5 0.25029805268703413 AZE 12
105.0 35.0 2.649966402488776 CHN 13
11.8 -1.0 0.4400447283191817 GAB 14
70.0 30.0 0.7987507926900918 PAK 15
30.0 -2.0 0.13803518202645124 RWA 16
38.0 35.0 0.3660125297566395 SYR 17
30.0 -15.0 0.7378775851992135 ZMB 18
10.0 56.0 0.17656610253026102 DNK 19
84.0 28.0 0.32630552178633195 NPL 20
9.0 34.0 0.3440358504407163 TUN 21
90.0 24.0 0.3267364067373528 BGD 22
75.0 41.0 0.3803299026083076 KGZ 23
30.0 27.0 0.8515889983689898 EGY 24
3.0 28.0 1.3126411134759553 DZA 25
8.0 16.0 0.9573858371686431 NER 26
65.0 33.0 0.6869088694983975 AFG 27
48.0 15.0 0.6180199242733663 YEM 28
-8.0 39.5 0.25810979762271028 PRT 29
25.0 0.0 1.3024378551693127 COD 30
47.7 29.3 0.11353395457312585 KWT 31
-5.4 36.2 0.002185096861184158 GIB 32
105.0 13.0 0.3618927665775007 KHM 33
120.0 -5.0 1.1738080553476476 IDN 34
71.0 39.0 0.3217498552507766 TJK 35
-11.5 8.5 0.22781315895451726 SLE 36
35.0 39.0 0.7528967833929673 TUR 37
28.0 53.0 0.3875362355696094 BLR 38
20.0 47.0 0.25942109456669154 HUN 39
22.0 41.8 0.13638809126421025 MKD 40
114.7 4.5 0.06457937851032654 BRN 41
24.0 -29.0 0.9398599215789865 ZAF 42
19.0 15.0 0.9637874144662747 TCD 43
12.4 43.8 0.006651697090182843 SMR 44
2.0 46.0 0.6317542935440315 FRA 45
35.0 -18.2 0.7615086073710519 MOZ 46
38.0 8.0 0.8938039818534884 ETH 47
39.0 15.0 0.29167728435721607 ERI 48
1.6 42.5 0.018403307281560923 AND 49
18.0 44.0 0.19247383664699548 BIH 50
18.5 -12.5 0.9496852617062814 AGO 51
26.0 64.0 0.494799411285858 FIN 52
30.0 15.0 1.1680929144142473 SDN 53
90.5 27.5 0.16665954025651036 BTN 54
98.0 22.0 0.6996126005565027 MMR 55
105.0 46.0 1.0637322933222946 MNG 56
127.5 37.0 0.26924909763703635 KOR 57
21.0 7.0 0.6713317909057355 CAF 58
34.8 31.5 0.12257984409072252 ISR 59
113.5 22.2 0.004886025119029199 MAC 60
106.0 16.0 0.48949908924765055 VNM 61
-5.0 32.0 0.56837333430547446 MAR 62
35.8 33.8 0.08695660611072599 LBN 63
45.0 25.0 1.2470579618537434 SAU 64
53.0 32.0 1.0919507159373491 IRN 65
43.0 11.5 0.12955124611061342 DJI 66
24.0 56.0 0.21734776718119324 LTU 67
100.0 60.0 3.5170169041181714 RUS 68
30.0 -20.0 0.5316821578364706 ZWE 69
-12.0 20.0 0.8635050135265745 MRT 70
24.0 -22.0 0.6488737017495986 BWA 71
51.2 25.5 0.09155182097037489 QAT 72
-16.6 13.5 0.08793578375759681 GMB 73
77.0 20.0 1.5421887744496834 IND 74
12.0 6.0 0.5864722904928203 CMR 75
12.4 41.9 0.0005641895835477563 VAT 76
-9.5 6.5 0.28384455887310125 LBR 77
-2.0 8.0 0.4154060128331758 GHA 78
25.0 46.0 0.4152826263096079 ROU 79
32.0 49.0 0.6607503122214257 UKR 80
30.0 -3.5 0.14190125119286446 BDI 81
38.0 1.0 0.6479628329114246 KEN 82
-10.0 11.0 0.4217353931831806 GIN 83
34.0 -13.5 0.29277145142814646 MWI 84
15.0 46.0 0.1211037902211081 SVN 85
28.5 -29.5 0.14818866602386814 LSO 86
-5.0 8.0 0.48299044119683636 CIV 87
49.0 10.0 0.6791914702462577 SOM 88
30.0 8.0 0.6695841814877478 SSD 89
125.5 -8.6 0.10373266458759769 TLS 90
9.5 47.2 0.010764051215546115 LIE 91
4.0 50.8 0.14861014946228863 BEL 92
15.0 -1.0 0.4974069562880414 COG 93
35.0 -6.0 0.8268650205936387 TZA 94
15.5 49.8 0.23885884050982174 CZE 95
112.5 2.5 0.48919661709800124 MYS 96
19.5 48.7 0.18834808253712353 SVK 97
32.0 1.0 0.4180248872824666 UGA 98
127.0 40.0 0.29529814310294853 PRK 99
6.2 49.8 0.0432516728127611 LUX 100
2.2 9.5 0.28543699857887535 BEN 101
22.0 39.0 0.3090075156493042 GRC 102
8.0 47.0 0.17281800164035726 CHE 103
-14.0 14.0 0.3772462836971915 SEN 104
36.0 31.0 0.2542298613255703 JOR 105
5.8 52.5 0.1739992141203088 NLD 106
57.0 21.0 0.4731828808512138 OMN 107
12.8 42.8 0.4669005430521579 ITA 108
105.0 18.0 0.4138944927951625 LAO 109
45.0 40.0 0.14668712174642968 ARM 110
7.4 43.7 0.00126156626101008 MCO 111
54.0 24.0 0.24592453796829673 ARE 112
35.2 32.0 0.06707927065117856 PSE 113
15.0 62.0 0.5707518733221285 SWE 114
29.0 47.0 0.15647795811204762 MDA 115
-4.0 40.0 0.6050211893259673 ESP 116
8.0 10.0 0.8174857868342065 NGA 117
20.0 41.0 0.14421197843349958 ALB 118
31.5 -26.5 0.11207935290836183 SWZ 119
43.5 42.0 0.224550998128461 GEO 120
17.0 25.0 1.1282317629388479 LBY 121
147.0 -6.0 0.5786475905641577 PNG 122
20.0 52.0 0.4756067994239905 POL 123
13.3 47.3 0.24632287198879737 AUT 124
114.2 22.2 0.02826021062262507 HKG 125
26.0 59.0 0.180883263158717 EST 126
10.0 62.0 0.48399246025228344 NOR 127
19.0 42.0 0.09996032031358931 MNE 128
44.0 33.0 0.5631095371853843 IRQ 129
-15.0 12.0 0.16165976084190394 GNB 130
-4.0 17.0 0.9472032383684 MLI 131
68.0 48.0 1.4040223649185 KAZ 132
