64.0 41.0 0.12113664083617621 UZB 0
57.0 21.0 0.10076748170547343 OMN 1
105.0 18.0 0.08812923024107548 LAO 2
114.7 4.5 0.013819765978853418 BRN 3
45.0 40.0 0.03141274657157109 ARM 4
60.0 40.0 0.12653452997124806 TKM 5
100.0 15.0 0.12976360421598394 THA 6
105.0 35.0 0.5641895835477563 CHN 7
47.5 40.5 0.05322553886092406 AZE 8
54.0 24.0 0.05232078956954491 ARE 9
70.0 30.0 0.1701010542416083 PAK 10
35.2 32.0 0.013819765978853418 PSE 11
125.5 -8.6 0.02185096861184158 TLS 12
38.0 35.0 0.07797255174810173 SYR 13
90.5 27.5 0.03568248232305542 BTN 14
98.0 22.0 0.14895032415879532 MMR 15
105.0 46.0 0.22645026532156827 MNG 16
127.5 37.0 0.05725898905580716 KOR 17
84.0 28.0 0.06955796338302048 NPL 18
36.0 31.0 0.0541151637980601 JOR 19
43.5 42.0 0.04787307364817192 GEO 20
75.0 41.0 0.08097643889049511 KGZ 21
113.5 22.2 0.0 MAC 22
106.0 16.0 0.10418429401242426 VNM 23
90.0 24.0 0.06955796338302048 BGD 24
34.8 31.5 0.02585441472913205 ISR 25
65.0 33.0 0.14625465582862902 AFG 26
35.8 33.8 0.018712051592547777 LBN 27
45.0 25.0 0.26552898107308294 SAU 28
53.0 32.0 0.23248444824118377 IRN 29
48.0 15.0 0.13159049284959083 YEM 30
112.5 2.5 0.10418429401242426 MYS 31
127.0 40.0 0.06282549314314217 PRK 32
51.2 25.5 0.019544100476116796 QAT 33
114.2 22.2 0.005641895835477563 HKG 34
47.7 29.3 0.02393653682408596 KWT 35
77.0 20.0 0.32834670464381075 IND 36
105.0 13.0 0.07715176518808163 KHM 37
120.0 -5.0 0.24990478120528175 IDN 38
71.0 39.0 0.06840435166640879 TJK 39
44.0 33.0 0.11994835078277375 IRQ 40
35.0 39.0 0.1602735405955453 TUR 41
68.0 48.0 0.29891400946056383 KAZ 42
