15.5 45.2 0.2555722767533948 HRV 0
64.0 41.0 0.1309843611478344 UZB 1
25.0 43.0 0.2236924542940416 BGR 2
10.0 2.0 0.1617562136188517 GNQ 3
21.0 44.0 0.2035778651551527 SRB 4
-2.0 13.0 0.0677027500257307 BFA 5
1.2 8.0 0.0686366251757769 TGO 6
60.0 40.0 0.168030017867350 TKM 7
25.0 57.0 0.266665386905497 LVA 8
9.0 51.0 0.3438317782414241 DEU 9
100.0 15.0 0.192156048037317 THA 10
47.5 40.5 0.1758063990543179 AZE 11
105.0 35.0 0.1947884453275087 CHN 12
11.8 -1.0 0.1701945934591488 GAB 13
70.0 30.0 0.1001337176718681 PAK 14
30.0 -2.0 0.069328776719160 RWA 15
38.0 35.0 0.0952461639974966 SYR 16
30.0 -15.0 0.0834924338334020 ZMB 17
10.0 56.0 0.3617418889348541 DNK 18
84.0 28.0 0.0916699568847508 NPL 19
9.0 34.0 0.1491638731202933 TUN 20
30.0 27.0 0.1594771454036122 EGY 21
75.0 41.0 0.0994959168022280 KGZ 22
90.0 24.0 0.108963107310022 BGD 23
3.0 28.0 0.1530607971465162 DZA 24
8.0 16.0 0.051708829458264 NER 25
65.0 33.0 0.0628254931431421 AFG 26
48.0 15.0 0.0535237234845831 YEM 27
-8.0 39.5 0.2680939617005573 PRT 28
25.0 0.0 0.0482043791490116 COD 29
47.7 29.3 0.338701761112395 KWT 30
105.0 13.0 0.0940692023773422 KHM 31
120.0 -5.0 0.1576705492822107 IDN 32
71.0 39.0 0.0993358267278101 TJK 33
-11.5 8.5 0.0591727027270319 SLE 34
35.0 39.0 0.259404529527248 TUR 35
28.0 53.0 0.2021657473114541 BLR 36
20.0 47.0 0.2666056968349334 HUN 37
22.0 41.8 0.1857546544836034 MKD 38
114.7 4.5 0.3739006579452901 BRN 39
24.0 -29.0 0.1675557577686017 ZAF 40
19.0 15.0 0.0544084730672461 TCD 41
12.4 43.8 0.3378548877632338 SMR 42
2.0 46.0 0.31559335130339 FRA 43
35.0 -18.2 0.0510895396995029 MOZ 44
38.0 8.0 0.0715876327835962 ETH 45
39.0 15.0 0.0612866760150094 ERI 46
1.6 42.5 0.3330630500896955 AND 47
18.0 44.0 0.1817706417050824 BIH 48
18.5 -12.5 0.1088169461344923 AGO 49
26.0 64.0 0.327424448791932 FIN 50
30.0 15.0 0.0879484521425255 SDN 51
90.5 27.5 0.1430640614606538 BTN 52
98.0 22.0 0.091322062055208 MMR 53
105.0 46.0 0.1514930453646348 MNG 54
21.0 7.0 0.0458349784423754 CAF 55
34.8 31.5 0.3000300581821361 ISR 56
106.0 16.0 0.1306193320280393 VNM 57
-5.0 32.0 0.1257775868083594 MAR 58
35.8 33.8 0.1437299955239963 LBN 59
45.0 25.0 0.3161475988548865 SAU 60
53.0 32.0 0.1678404746396573 IRN 61
43.0 11.5 0.1043369450745307 DJI 62
24.0 56.0 0.2867393304052883 LTU 63
100.0 60.0 0.2426671154977560 RUS 64
30.0 -20.0 0.0907977205229304 ZWE 65
-12.0 20.0 0.1049453289192003 MRT 66
24.0 -22.0 0.1873755065265258 BWA 67
51.2 25.5 0.434609119165096 QAT 68
-16.6 13.5 0.0686366251757769 GMB 69
77.0 20.0 0.1195496293998948 IND 70
12.0 6.0 0.0886693531539484 CMR 71
-9.5 6.5 0.0529256742840122 LBR 72
-2.0 8.0 0.1115612681435013 GHA 73
25.0 46.0 0.255135986729793 ROU 74
32.0 49.0 0.169538735168091 UKR 75
30.0 -3.5 0.0398942280401432 BDI 76
38.0 1.0 0.0985314748118874 KEN 77
-10.0 11.0 0.0733446458612083 GIN 78
34.0 -13.5 0.0564189583547756 MWI 79
15.0 46.0 0.293541285324487 SVN 80
28.5 -29.5 0.0765303985732581 LSO 81
-5.0 8.0 0.1063014626405703 CIV 82
49.0 10.0 0.0468651065790760 SOM 83
30.0 8.0 0.0406842894512821 SSD 84
125.5 -8.6 0.098369815187318 TLS 85
9.5 47.2 0.564189583547756 LIE 86
4.0 50.8 0.3367224100927442 BEL 87
15.0 -1.0 0.0791877816195192 COG 88
35.0 -6.0 0.0759039454832659 TZA 89
15.5 49.8 0.289830948940761 CZE 90
112.5 2.5 0.240426860668637 MYS 91
19.5 48.7 0.25792783140330 SVK 92
32.0 1.0 0.0688681152939332 UGA 93
6.2 49.8 0.428375593825039 LUX 94
2.2 9.5 0.0859347971398312 BEN 95
22.0 39.0 0.2507313353398387 GRC 96
8.0 47.0 0.3809428790661274 CHE 97
-14.0 14.0 0.0851907589177982 SEN 98
36.0 31.0 0.1466892917224166 JOR 99
5.8 52.5 0.348384212618596 NLD 100
57.0 21.0 0.2422075804422161 OMN 101
12.8 42.8 0.30476683675956 ITA 102
105.0 18.0 0.1291488987023529 LAO 103
45.0 40.0 0.168880329825790 ARM 104
54.0 24.0 0.3683254993772920 ARE 105
35.2 32.0 0.1194164264288369 PSE 106
15.0 62.0 0.3436928843645220 SWE 107
29.0 47.0 0.1795683476295808 MDA 108
-4.0 40.0 0.288344485418407 ESP 109
8.0 10.0 0.1018670814816620 NGA 110
20.0 41.0 0.174989745559220 ALB 111
31.5 -26.5 0.1290256061695206 SWZ 112
43.5 42.0 0.1783231830967602 GEO 113
17.0 25.0 0.1822952333923949 LBY 114
147.0 -6.0 0.0932194180029970 PNG 115
20.0 52.0 0.267618617422915 POL 116
13.3 47.3 0.3409498063268556 AUT 117
114.2 22.2 0.3684119100528216 HKG 118
26.0 59.0 0.2871830278937461 EST 119
10.0 62.0 0.3744111027671874 NOR 120
19.0 42.0 0.2125280519119297 MNE 121
44.0 33.0 0.1471226436021925 IRQ 122
-15.0 12.0 0.0643275098258068 GNB 123
-4.0 17.0 0.0679374223065974 MLI 124
68.0 48.0 0.2278515798421776 KAZ 125
