-77.5 -2.0 1.3000867261978828 ECU 0
-56.0 4.0 0.3038253889873249 SUR 1
-55.0 -10.0 0.773577782789505 BRA 2
-64.0 -34.0 0.6206085419025319 ARG 3
-85.0 13.0 1.1617374563210368 NIC 4
-88.8 17.2 0.6457444935117649 BLZ 5
-65.0 -17.0 0.5140011726956917 BOL 6
-86.5 15.0 1.4777028859756633 HND 7
-58.0 -23.0 0.6307831305050401 PRY 8
-95.0 60.0 0.3141274657157109 CAN 9
-56.0 -33.0 0.6723094811029983 URY 10
-88.9 13.8 2.661874915628302 SLV 11
-102.0 23.0 1.2347891944863938 MEX 12
-84.0 10.0 1.5347615963921077 CRI 13
-80.0 9.0 1.1780624362746346 PAN 14
-90.2 15.5 1.9730509136937546 GTM 15
-66.0 8.0 0.8685588237163813 VEN 16
-71.0 -30.0 0.7797255174810173 CHL 17
-76.0 -10.0 0.7858251581595959 PER 18
-97.0 38.0 0.9253397180681249 USA 19
-72.0 4.0 1.0403141895720198 COL 20
-53.0 4.0 0.293161507141752 GUF 21
-59.0 5.0 0.30901936161855165 GUY 22
