59.24307183 92.07960284 5.4112177593872124 ECU 0
103.4937443 122.8472008 4.1625857459458588 SUR 1
118.3057596 92.02571611 30.011777918051365 BRA 2
94.36940141 37.44731611 17.148789956564176 ARG 3
40.97567849 112.5258559 3.7134148315639348 NIC 4
26.33181218 119.4002947 1.5585495969623206 BLZ 5
87.4871418 65.29589094 10.779432063945656 BOL 6
33.16697111 117.0040868 3.4493794041639863 HND 7
107.7686858 57.00561073 6.5591052689396285 PRY 8
-17.50996042 226.1222683 32.497256445753457 CAN 9
115.1430133 48.69663499 4.375825145837303 URY 10
29.13508644 112.2365163 1.4918012341502951 SLV 11
6.162532736 119.5498976 14.414250154933548 MEX 12
44.99502593 108.0195935 2.3248214720880878 CRI 13
51.41697382 109.0664965 2.8243214135934163 PAN 14
24.83827349 114.6786135 3.3936874521203024 GTM 15
80.06606579 123.8662837 9.8453937208227611 VEN 16
72.75816558 52.06689564 8.9427291487690432 CHL 17
68.83749936 77.80423508 11.659176208262863 PER 18
2.315232746 165.288277 31.485464686567525 USA 19
68.67089088 106.4236177 10.989172304478629 COL 20
110.5030941 124.1843034 2.9724289122313405 GUF 21
94.58554794 122.2086596 4.7683463885384132 GUY 22
