-52.97426397 96.09150861 49.368397802671034 HRV 0
167.3159837 96.8807137 44.522887117791335 UZB 1
60.51995194 104.1024631 56.288633951123799 BGR 2
-61.6818826 -53.12328056 65.61850632886707 GNQ 3
23.1451284 93.94999815 53.779084465077673 SRB 4
-27.43432521 -21.78921724 10.664792828498646 BFA 5
-24.22876556 -44.97891514 12.74686550124585 TGO 6
141.2438608 61.7180762 85.698381669840728 TKM 7
106.3557314 219.3742819 45.959477166184897 LVA 8
-84.78618752 225.0218348 67.208747399207454 DEU 9
181.1052494 -22.7462886 46.661189155783539 THA 10
134.114266 107.4609794 46.661189155783539 AZE 11
217.030425 72.67493802 65.988886540565474 CHN 12
-29.99131182 -64.43532804 33.725036111885203 GAB 13
175.2551224 27.00175552 24.848215316316704 PAK 14
14.50947268 -33.25534529 6.9817457725167476 RWA 15
76.82579698 43.83672874 31.994378485495933 SYR 16
18.76927539 -45.36800086 14.533662791564524 ZMB 17
-62.57380668 261.2895044 51.463249564535673 DNK 18
176.16953 54.71803924 18.471963031155848 NPL 19
-35.2222706 60.14152883 37.381147506716857 TUN 20
20.38235197 -6.130725466 34.908728862583743 EGY 21
194.5786008 98.4522649 32.247302409408611 KGZ 22
189.6183107 28.20453223 18.0267900696076 BGD 23
-39.76358796 30.83585818 45.604572417332243 DZA 24
-17.15770964 -16.64342687 6.9817457725167476 NER 25
170.9416975 39.10275986 13.3690253241415 AFG 26
133.4305462 -157.9983415 13.963491545033495 YEM 27
-193.0432308 54.38743338 48.202706309168761 PRT 28
9.383407584 -30.35870094 4.0309128011760764 COD 29
116.4202414 -48.47092923 110.61165527215444 KWT 30
192.4175274 -43.30984455 23.155831109088059 KHM 31
226.2730451 -70.34217103 35.600057933006831 IDN 32
183.5954034 74.42261442 24.185476807056457 TJK 33
-52.24089411 -24.09414785 8.0618256023521528 SLE 34
78.08654084 72.12611858 52.246601284630053 TUR 35
104.75725 183.5344948 59.788098835393114 BLR 36
32.88335492 128.9300167 54.2303853935597 HUN 37
21.26746296 60.83561388 44.886345288126989 MKD 38
301.4964346 -8.855001734 116.75739150462745 BRN 39
-10.48302704 -100.3967712 66.845126620707504 ZAF 40
-4.842287454 -19.67158277 5.7005715521665303 TCD 41
-151.6869664 128.9527015 49.859637740709964 FRA 42
34.67764665 -52.82843208 11.401143104333061 MOZ 43
29.04828838 -25.66498122 9.0133950348037999 ETH 44
28.59067468 -19.06592014 10.664792828498646 ERI 45
-120.4901148 80.50429662 59.515714280594544 AND 46
-14.27660476 104.8910426 61.924057445565516 BIH 47
2.62828813 -53.14429361 19.747359121068413 AGO 48
109.7470646 271.3377381 64.494604818817223 FIN 49
10.54005699 -21.2517653 16.123651204704306 SDN 50
193.4759475 46.72181341 38.240596503737549 BTN 51
200.1268629 21.07633293 19.747359121068413 MMR 52
247.2384951 164.1129882 125.86521187531538 MNG 53
277.0352694 66.72635012 82.707415764842111 KOR 54
2.976116149 -25.46590509 4.0309128011760764 CAF 55
52.16668618 0.6832877391 61.792723135584602 ISR 56
238.7603055 -1.767463635 39.08114958652579 VNM 57
-114.0365291 21.17203592 31.994378485495933 MAR 58
50.62530986 48.8387802 47.352503687498427 LBN 59
124.8886141 -119.6987323 102.76851515393882 SAU 60
139.6097589 8.64854341 72.219739832195017 IRN 61
36.32295296 -22.52502464 14.533662791564524 DJI 62
74.06979562 209.4428606 54.529177657061588 LTU 63
187.9545701 199.6321087 79.706140805949801 RUS 64
29.17972556 -62.05668992 20.553703030787766 ZWE 65
-50.55211306 4.802836243 20.553703030787766 MRT 66
11.03479011 -71.50943277 40.309128011760762 BWA 67
243.1728925 -200.1211208 147.44547879910303 QAT 68
-57.96805134 -5.564927287 10.664792828498646 GMB 69
174.6874607 6.634079949 32.247302409408611 IND 70
-4.642652618 -27.07899886 12.092738403528228 CMR 71
-49.91117187 -30.34082245 10.664792828498646 LBR 72
-33.33607196 -40.4045282 17.570341550550975 GHA 73
65.46398555 138.3589854 46.661189155783539 ROU 74
108.464341 145.5669525 53.627806853266648 UKR 75
16.44633557 -37.05319805 5.7005715521665303 BDI 76
33.46442804 -31.7566992 13.3690253241415 KEN 77
-46.34201858 -20.75893022 12.092738403528228 GIN 78
25.70105611 -43.30384671 6.9817457725167476 MWI 79
-57.49526309 144.0811303 59.515714280594544 SVN 80
48.89493528 -62.23772613 24.519085349893274 LSO 81
-41.8208224 -33.44091504 15.082294657962107 CIV 82
42.07297802 -24.95052162 4.0309128011760764 SOM 83
14.75459989 -28.2042369 8.0618256023521528 SSD 84
243.244559 -68.5130504 15.082294657962107 TLS 85
-98.50174024 159.3404496 46.661189155783539 LIE 86
-169.465296 230.0157216 65.121389272564087 BEL 87
-0.8877746722 -40.67671205 18.0267900696076 COG 88
22.16648087 -37.60814726 10.664792828498646 TZA 89
-26.75158584 190.5416047 69.467493327264179 CZE 90
222.7172762 -34.88788488 70.396865649395025 MYS 91
1.83992083 150.0332341 57.43166701541135 SVK 92
19.75908251 -31.66156133 8.0618256023521528 UGA 93
248.3903355 113.1398403 25.81043545618887 PRK 94
-129.7010994 197.5558508 87.573841876689386 LUX 95
-25.60436297 -31.27015694 18.0267900696076 BEN 96
23.89539808 27.58931857 54.2303853935597 GRC 97
-129.1504317 152.376364 46.834974446907694 CHE 98
-48.95798255 -10.09801154 19.331578679605002 SEN 99
85.16475381 7.154360787 38.240596503737549 JOR 100
-124.4974338 249.8515567 68.762221321808539 NLD 101
225.7283859 -124.0965642 84.55314024151599 OMN 102
-83.69815908 69.88162501 54.379986740938982 ITA 103
223.9849407 25.14440958 52.246601284630053 LAO 104
107.1221846 87.77169947 34.203429312999177 ARM 105
180.8942961 -83.96384497 94.447306196980293 ARE 106
58.61042841 27.59745491 18.471963031155848 PSE 107
85.38374307 242.70251 47.352503687498427 SWE 108
87.9378351 127.6945263 27.33898075077996 MDA 109
-156.5463758 89.87261631 51.305143969498772 ESP 110
-14.86274678 -25.04408155 18.906656929110273 NGA 111
-3.684895803 43.50160356 30.432724271892816 ALB 112
35.36893251 -74.98248554 22.078218685404735 SWZ 113
106.5079917 114.7323688 38.240596503737549 GEO 114
-10.83877541 7.015108453 65.865657886738958 LBY 115
244.5596752 -56.47068672 20.945237317550244 PNG 116
40.79867527 185.0678862 68.168921005513624 POL 117
-70.65067658 183.4072002 62.835711952650733 AUT 118
258.1735083 26.47137307 49.532685770241244 HKG 119
141.1637487 236.7399095 68.049640212460133 EST 120
47.08610896 240.0458205 66.845126620707504 NOR 121
-8.420883367 68.92140999 46.486754193222893 MNE 122
103.9122713 32.4497153 55.415889093467548 IRQ 123
-53.47415292 -18.48815454 9.0133950348037999 GNB 124
-34.01067444 -16.35609751 9.8736795605342067 MLI 125
158.4901176 148.6415587 95.473937511733411 KAZ 126
