-55.17528316 107.0003442 10.532315746579343 NLD 0
77.94003304 48.08044412 19.704158506512048 UZB 1
-27.5443551 49.39532586 8.5995997963332851 ITA 2
-50.20848359 66.36820767 14.260822935827107 FRA 3
-18.15316475 101.8072358 26.852241757564315 DEU 4
202.4626803 -435.7154421 84.587020497083273 THA 5
394.4895395 -33.01629011 288.66360039565484 CHN 6
40.28661656 -180.3697603 21.064631493158686 PAK 7
63.23325605 255.4939607 10.532315746579343 SWE 8
77.79197172 247.4914224 6.0808353314777177 FIN 9
-60.28271636 34.27127816 12.899399694499925 ESP 10
187.0311617 -285.0001527 37.73059097932456 MMR 11
58.48371406 -106.2750103 55.231929733671151 NPL 12
7.814712537 123.2826503 6.0808353314777177 DNK 13
-57.35410803 90.52896897 6.0808353314777177 BEL 14
137.8032332 -219.345643 28.521645871654215 BGD 15
19.88718043 105.5948246 11.376201217889788 CZE 16
10.07724195 -153.8756602 11.376201217889788 IRN 17
130.1126301 200.0577261 63.776338999195076 RUS 18
352.5021599 -513.1838542 53.532077023616864 MYS 19
35.80398933 139.9706473 26.505746702223028 POL 20
30.29480753 -319.4575648 118.38122995863657 IND 21
272.661111 -555.0527756 27.194322322333289 KHM 22
572.7204264 -628.2950948 162.37082893258423 IDN 23
-30.02113348 63.8656007 6.0808353314777177 CHE 24
-28.77028978 -124.6633358 27.865888195058528 TUR 25
74.0647861 104.3072583 25.79879938899985 KAZ 26
