-0.7453833847 92.42167153 28.537990747697954 HRV 0
109.1906898 74.68279313 30.116439969779236 UZB 1
56.7477156 70.34886826 26.454962073330357 BGR 2
-50.33199125 4.347343833 5.010715041841995 ESH 3
-23.44612699 -30.63951525 26.365837860205033 GNQ 4
43.95986421 70.85765675 30.47898970651816 SRB 5
-50.12059439 -9.921958337 31.090669201158288 BFA 6
-34.75789106 -45.62819479 43.502415068040477 TGO 7
96.65527797 69.17233872 12.526787604604987 TKM 8
96.19395201 114.5664028 18.282244620986376 LVA 9
-18.48078784 131.3070336 52.072878208319693 DEU 10
146.3660624 -34.71154041 39.968109165848851 THA 11
95.62944794 81.71933826 37.850803455379669 AZE 12
154.8058437 69.22530405 41.471046144172696 CHN 13
-23.07345085 -42.40945275 10.405531284211813 GAB 14
111.9280059 41.44564491 59.564842129320823 PAK 15
15.20788767 -27.50146515 80.600898744385262 RWA 16
73.62262419 58.91707475 37.933628069635212 SYR 17
-7.769391341 -71.36665419 17.759786582576918 ZMB 18
3.802453211 150.2226053 40.995335909946881 DNK 19
132.2118602 71.78798568 49.508552474614177 NPL 20
-22.59737556 17.59466343 30.19449566864866 TUN 21
136.6547396 0.6626409673 122.91581205230848 BGD 22
124.9670465 85.6493324 19.964414229695002 KGZ 23
-1.427868412 15.70637993 35.893126739560699 EGY 24
-31.55144807 10.54739922 14.768864773242742 DZA 25
-24.66654079 7.499924233 15.645952703424003 NER 26
104.337503 60.78173445 27.128522113639942 AFG 27
76.93752795 -10.53495063 27.243963154759381 YEM 28
-111.5986125 68.2204506 35.673863070504133 PRT 29
-7.743613479 -30.954546 22.6523670540011 COD 30
91.52623964 25.31084409 52.448210139348106 KWT 31
-173.2764562 3.715314402 233.79832081313785 GIB 32
162.9956937 -30.55588056 33.047935450320651 KHM 33
163.6648436 -56.28984924 40.995335909946881 IDN 34
116.5816166 63.67231294 28.838830780073092 TJK 35
-73.93082375 -35.04224271 37.223745108606629 SLE 36
70.33557664 75.04794782 35.297989136289736 TUR 37
95.88423837 105.1972817 23.064262010133788 BLR 38
48.54151819 84.97855203 35.563724298623939 HUN 39
39.87590125 57.73323701 30.658656886243435 MKD 40
174.6221945 -39.13890087 31.241717875899614 BRN 41
4.216772873 -101.2898762 23.800896448749473 ZAF 42
0.16853971 -2.973554662 12.836137584002028 TCD 43
-30.14540133 83.32965343 79.847831307310187 SMR 44
-76.35857048 99.6016377 36.671622460846834 FRA 45
26.72988418 -91.38489682 22.126718509430216 MOZ 46
32.10436483 -5.202922706 35.695850045208161 ETH 47
40.48798562 3.74433252 18.7483789493274 ERI 48
-68.8121512 83.10176642 44.022346995388965 AND 49
17.68389813 94.8943541 26.691171778635322 BIH 50
-23.66170296 -56.40400682 18.282244620986376 AGO 51
111.1111977 101.2365839 14.392183230905879 FIN 52
12.14276005 1.404900886 17.13012441233149 SDN 53
122.4672558 28.31383794 15.342118873751685 BTN 54
168.1652856 14.86188078 30.837277289131155 MMR 55
130.0708342 97.02046569 5.010715041841995 MNG 56
239.5375246 10.8101182 77.676184739690541 KOR 57
-3.456710276 -13.63599593 10.253617564201088 CAF 58
22.12546592 18.10657622 69.430504277759582 ISR 59
360.4755884 -32.19895995 493.32646259444425 MAC 60
175.6863236 -12.59811119 59.893242689085007 VNM 61
-47.71468423 12.01748803 31.040156301507803 MAR 62
19.74529402 71.64598338 77.138977564123607 LBN 63
66.75772912 1.084901277 14.005374311799255 SAU 64
96.29750644 52.26018692 24.990862782419555 IRN 65
63.6240592 -9.924793523 23.602276316123458 DJI 66
87.09594158 114.13666 22.23284246843593 LTU 67
116.9871809 104.1677974 10.02143008368399 RUS 68
3.154171762 -90.64628091 22.126718509430216 ZWE 69
-51.68453641 1.903360285 7.3043095919396075 MRT 70
-8.401674152 -85.73788465 7.3043095919396075 BWA 71
97.32956848 2.587342036 51.846374837059365 QAT 72
-95.90164877 -29.12699402 55.825077668920258 GMB 73
101.758299 -26.53881777 73.918662026558764 IND 74
-14.79657362 -22.48444475 26.246534814389989 CMR 75
-51.31534045 44.80594815 115.70168529502678 VAT 76
-70.70973277 -51.90448998 25.302870654904186 LBR 77
-48.59177263 -32.5131268 41.300421687918899 GHA 78
63.22787226 88.24467386 31.367036140219717 ROU 79
104.5527135 94.6764829 26.866966248128421 UKR 80
11.55551887 -62.64125523 76.567267362310048 BDI 81
58.31711742 -34.34842433 33.190077764145322 KEN 82
-67.33783125 -22.54752768 25.611077762325817 GIN 83
38.09811664 -73.03828732 50.247879156700158 MWI 84
0.5646682183 109.8767524 34.602062231627954 SVN 85
14.69050212 -95.45410793 29.537729546485483 LSO 86
-60.86630783 -43.55007983 32.133102598504621 CIV 87
69.35376448 -17.36345916 18.15303985978268 SOM 88
19.912993 -6.724417729 14.116972684234538 SSD 89
180.0359449 -54.52759523 32.254957804817671 TLS 90
-34.80312833 112.8364144 53.043217378827713 LIE 91
-69.67331826 126.7614833 66.25000983482235 BEL 92
-15.36575976 -35.08764586 14.282735382207104 COG 93
36.46152954 -55.17259548 29.431286931659752 TZA 94
19.30883332 117.0812453 39.314959185470592 CZE 95
147.0946736 -52.66210374 34.465743662657282 MYS 96
53.32531357 100.4962724 36.650220870193635 SVK 97
44.41500057 -21.0184211 52.493069628779978 UGA 98
168.7346857 85.77330327 49.698362317631073 PRK 99
-43.57825187 135.1874543 53.777719491839861 LUX 100
-34.77449567 -10.05295754 37.181565213916137 BEN 101
26.79686065 40.00828349 30.19449566864866 GRC 102
-55.0681083 99.25215272 50.310298906426482 CHE 103
-69.98190623 -9.164100258 32.400579122170356 SEN 104
55.04596666 0.974002165 38.098737133147701 JOR 105
-32.96171841 162.6340616 77.138977564123607 NLD 106
83.85380638 -3.155006674 13.078350216409746 OMN 107
-9.438899123 63.53597855 47.585307427602821 ITA 108
179.7434538 14.28219804 19.406415909645048 LAO 109
86.25663883 68.75754546 33.308066325960112 ARM 110
74.54818215 -215.0811585 454.27700509530524 MCO 111
77.30688835 6.640503554 39.034563641451086 ARE 112
57.71652707 32.1129816 100.72191597272028 PSE 113
105.0162075 104.8904615 17.221485723821072 SWE 114
74.73079527 97.5566296 34.465743662657282 MDA 115
-80.86311381 60.97569916 32.881326144031945 ESP 116
-15.25361993 -4.700724776 52.865418384560847 NGA 117
12.20573552 40.35312447 34.283142411464119 ALB 118
29.28538159 -111.2536077 28.289469405125189 SWZ 119
87.23173848 92.99852472 24.706687068839141 GEO 120
-10.70884015 7.876779421 6.6285529456622623 LBY 121
172.9661169 -65.13513141 16.090950024469048 PNG 122
68.81103731 113.0608342 39.034563641451086 POL 123
-14.98212391 111.8973481 35.142049008662916 AUT 124
225.7455504 -146.2147581 284.83502099345412 HKG 125
95.51003626 122.8625945 18.7483789493274 EST 126
95.81841626 96.77233224 13.078350216409746 NOR 127
7.900296793 52.49668379 23.030218800419412 MNE 128
85.61036428 44.20912003 34.533970209790922 IRQ 129
-79.34412199 -19.453119 29.484556272860946 GNB 130
-46.9166414 0.5738602022 14.715643465829876 MLI 131
107.9092693 87.31644054 9.1196390321201388 KAZ 132
