-42.87881593 0.8457916564 4.7472542821757884 ECU 0
-16.26953551 12.56133082 0.87865139884746146 SUR 1
-8.049649282 -4.266985783 16.374576927854349 BRA 2
-21.20657167 -29.08705235 7.5305872859570888 ARG 3
-54.38145728 13.04424386 2.9546166451499345 NIC 4
-68.42607691 24.73171249 0.71337910523848391 BLZ 5
-27.59849714 -17.24932212 3.9176719172431178 BOL 6
-61.20838145 16.49370145 3.6227725255447951 HND 7
-20.90939116 -18.64513109 2.9155880831169001 PRY 8
-87.48181267 101.085737 6.9315283928660048 CAN 9
-13.44150781 -23.45920175 2.0592961534022747 URY 10
-67.01853019 11.98897636 2.8081764469030146 SLV 11
-80.76947228 33.86732284 12.615243031416425 MEX 12
-49.6400867 8.660264185 2.5411245245006104 CRI 13
-43.88956167 8.714787692 2.3528189967205462 PAN 14
-70.59245396 19.26332252 4.7343943900960257 GTM 15
-22.49068096 17.67160323 5.9773144476431224 VEN 16
-34.45399564 -22.84487125 4.9314512791066454 CHL 17
-34.46592148 -9.383654722 6.5237829189637537 PER 18
-84.19395252 70.0620559 20.523724091066036 USA 19
-31.78134649 7.184986619 8.0329855948055844 COL 20
-14.72434188 13.41128618 0.6220745687835374 GUF 21
-18.12838273 12.22093652 1.0040882470144172 GUY 22
