1708710247.0 tau 28728 0
1708710247.0 tetris-for-the-win 21942 0
1708710247.0 phoenix 16537 0
1708710247.0 fabsch-225 11496 0
1708710247.0 nullptr 8193 0
1708710247.0 code-mates 7237 0
1708710247.0 koeln 7086 0
1708710247.0 map-maniac 839 0
1708713313.0 tau 30906 0
1708713785.0 tau 28728 0
1708720190.0 tau 20723 0
1708721750.0 fabsch-225 475 0
1708722723.0 tau 24063 0
1708725310.0 fabsch-225 988 0
1708725666.0 tau 31183 0
1708726377.0 fabsch-225 14993 0
1708726733.0 fabsch-225 3820 0
1708741601.0 fabsch-225 18829 0
1708741601.0 phoenix 17004 0
1708766725.0 nullptr 18071 0
1708767064.0 fabsch-225 6059 0
1708772187.0 nullptr 533 0
1708772834.0 nullptr 4775 0
