No changes since 0h 10m 11s.
No changes since 0h 15m 11s.
No changes since 0h 20m 12s.
No changes since 0h 25m 12s.
No changes since 0h 30m 12s.
No changes since 0h 35m 12s.
No changes since 0h 40m 13s.
Image saved as ../media/scores/2024-02-23_22.55.10.png
[32m[SCORE] fabsch-225 475+0 -> 988+0 :: total score ↑ 513[0m
[34m[SCORE] fabsch-225 max score 11496 was on 2024-02-23 17:44:07[0m
Image saved as ../media/scores/2024-02-23_23.01.06.png
[32m[SCORE] tau 24063+0 -> 31183+0 :: total score ↑ 7120[0m
No changes since 0h 6m 10s.
No changes since 0h 11m 11s.
Image saved as ../media/scores/2024-02-23_23.12.57.png
[32m[SCORE] fabsch-225 988+0 -> 14993+0 :: total score ↑ 14005[0m
Image saved as ../media/scores/2024-02-23_23.18.53.png
[31m[SCORE] fabsch-225 14993+0 -> 3820+0 :: score ↓ -11173[0m
[34m[SCORE] fabsch-225 max score 14993 was on 2024-02-23 22:12:57[0m
No changes since 0h 8m 25s.
No changes since 0h 13m 25s.
No changes since 0h 18m 25s.
No changes since 0h 23m 25s.
No changes since 0h 28m 26s.
No changes since 0h 33m 26s.
No changes since 0h 38m 26s.
No changes since 0h 43m 26s.
No changes since 0h 48m 27s.
Image saved as ../media/scores/2024-02-23_23.18.53.png
Image saved as ../media/scores/2024-02-23_23.18.53.png
No changes since 1h 6m 0s.
No changes since 1h 11m 0s.
No changes since 1h 16m 0s.
No changes since 1h 21m 1s.
No changes since 1h 26m 1s.
No changes since 1h 31m 1s.
No changes since 1h 36m 1s.
No changes since 1h 41m 2s.
No changes since 1h 46m 2s.
No changes since 1h 51m 2s.
No changes since 1h 56m 2s.
No changes since 2h 1m 3s.
No changes since 2h 6m 3s.
No changes since 2h 11m 3s.
No changes since 2h 16m 3s.
No changes since 2h 21m 4s.
No changes since 2h 26m 4s.
No changes since 2h 31m 4s.
No changes since 2h 36m 4s.
No changes since 2h 41m 5s.
No changes since 2h 46m 5s.
No changes since 2h 51m 5s.
No changes since 2h 56m 5s.
No changes since 3h 1m 6s.
No changes since 3h 6m 6s.
No changes since 3h 11m 6s.
No changes since 3h 16m 6s.
No changes since 3h 21m 7s.
No changes since 3h 26m 7s.
No changes since 3h 31m 7s.
No changes since 3h 36m 7s.
No changes since 3h 41m 8s.
No changes since 3h 46m 8s.
No changes since 3h 51m 8s.
No changes since 3h 56m 8s.
No changes since 4h 1m 9s.
No changes since 4h 6m 9s.
Image saved as ../media/scores/2024-02-24_03.26.41.png
[32m[SCORE] fabsch-225 3820+0 -> 18829+0 :: total score ↑ 15009[0m
[32m[SCORE] phoenix 16537+0 -> 17004+0 :: total score ↑ 467[0m
No changes since 0h 8m 21s.
No changes since 0h 13m 22s.
No changes since 0h 18m 22s.
No changes since 0h 23m 22s.
No changes since 0h 28m 22s.
No changes since 0h 33m 22s.
No changes since 0h 38m 23s.
No changes since 0h 43m 23s.
No changes since 0h 48m 23s.
No changes since 0h 53m 23s.
No changes since 0h 58m 24s.
No changes since 1h 3m 24s.
No changes since 1h 8m 24s.
No changes since 1h 13m 24s.
No changes since 1h 18m 25s.
No changes since 1h 23m 25s.
No changes since 1h 28m 25s.
No changes since 1h 33m 25s.
No changes since 1h 38m 26s.
No changes since 1h 43m 26s.
No changes since 1h 48m 26s.
No changes since 1h 53m 26s.
No changes since 1h 58m 27s.
No changes since 2h 3m 27s.
No changes since 2h 8m 27s.
No changes since 2h 13m 27s.
No changes since 2h 18m 28s.
No changes since 2h 23m 28s.
No changes since 2h 28m 28s.
No changes since 2h 33m 28s.
No changes since 2h 38m 29s.
No changes since 2h 43m 29s.
No changes since 2h 48m 29s.
No changes since 2h 53m 29s.
No changes since 2h 58m 30s.
No changes since 3h 3m 30s.
No changes since 3h 8m 30s.
No changes since 3h 13m 30s.
No changes since 3h 18m 30s.
No changes since 3h 23m 31s.
No changes since 3h 28m 31s.
No changes since 3h 33m 31s.
No changes since 3h 38m 31s.
No changes since 3h 43m 32s.
No changes since 3h 48m 32s.
No changes since 3h 53m 32s.
No changes since 3h 58m 32s.
No changes since 4h 3m 33s.
No changes since 4h 8m 33s.
No changes since 4h 13m 33s.
No changes since 4h 18m 33s.
No changes since 4h 23m 34s.
No changes since 4h 28m 34s.
No changes since 4h 33m 34s.
No changes since 4h 38m 34s.
No changes since 4h 43m 35s.
No changes since 4h 48m 35s.
No changes since 4h 53m 35s.
No changes since 4h 58m 35s.
No changes since 5h 3m 36s.
No changes since 5h 8m 36s.
No changes since 5h 13m 36s.
No changes since 5h 18m 36s.
No changes since 5h 23m 37s.
No changes since 5h 28m 37s.
No changes since 5h 33m 37s.
No changes since 5h 38m 37s.
No changes since 5h 43m 37s.
Image saved as ../media/scores/2024-02-24_09.13.40.png
No changes since 0h 6m 39s.
Image saved as ../media/scores/2024-02-24_09.22.39.png
No changes since 0h 7m 41s.
No changes since 0h 12m 41s.
No changes since 0h 17m 41s.
No changes since 0h 22m 41s.
No changes since 0h 27m 42s.
No changes since 0h 32m 42s.
No changes since 0h 37m 42s.
No changes since 0h 42m 42s.
No changes since 0h 47m 43s.
No changes since 0h 52m 43s.
No changes since 0h 57m 43s.
Image saved as ../media/scores/2024-02-24_10.25.25.png
[32m[SCORE] nullptr 8193+0 -> 18071+0 :: total score ↑ 9878[0m
No changes since 0h 4m 58s.
Image saved as ../media/scores/2024-02-24_10.31.04.png
[31m[SCORE] fabsch-225 18829+0 -> 6059+0 :: score ↓ -12770[0m
[34m[SCORE] fabsch-225 max score 18829 was on 2024-02-24 02:26:41[0m
No changes since 0h 9m 19s.
No changes since 0h 14m 19s.
No changes since 0h 19m 20s.
No changes since 0h 24m 20s.
No changes since 0h 29m 20s.
No changes since 0h 34m 20s.
No changes since 0h 39m 21s.
No changes since 0h 44m 21s.
No changes since 0h 49m 21s.
No changes since 0h 54m 21s.
No changes since 0h 59m 21s.
No changes since 1h 4m 22s.
No changes since 1h 9m 22s.
No changes since 1h 14m 22s.
No changes since 1h 19m 22s.
No changes since 1h 24m 23s.
Image saved as ../media/scores/2024-02-24_11.56.27.png
[31m[SCORE] nullptr 18071+0 -> 533+0 :: score ↓ -17538[0m
[34m[SCORE] nullptr max score 18071 was on 2024-02-24 09:25:25[0m
No changes since 0h 9m 0s.
Image saved as ../media/scores/2024-02-24_12.07.14.png
[32m[SCORE] nullptr 533+0 -> 4775+0 :: total score ↑ 4242[0m
[34m[SCORE] nullptr max score 18071 was on 2024-02-24 09:25:25[0m
No changes since 0h 8m 14s.
Image saved as ../media/scores/2024-02-24_12.18.21.png
[32m[SCORE] nullptr 4775+0 -> 29968+0 :: total score ↑ 25193[0m
No changes since 0h 7m 7s.
No changes since 0h 12m 7s.
No changes since 0h 17m 8s.
No changes since 0h 22m 8s.
Image saved as ../media/scores/2024-02-24_12.42.07.png
No changes since 0h 8m 22s.
No changes since 0h 13m 23s.
No changes since 0h 18m 23s.
No changes since 0h 23m 23s.
No changes since 0h 28m 23s.
Image saved as ../media/scores/2024-02-24_13.13.05.png
[32m[SCORE] nullptr 29968+0 -> 36150+0 :: total score ↑ 6182[0m
[32m[MAIL] Sending mail with Subject "New 1st place nullptr with 36150!".[0m
Image saved as ../media/scores/2024-02-24_13.19.14.png
[32m[SCORE] tau 31183+0 -> 32388+0 :: total score ↑ 1205[0m
[32m[MAIL] Sending mail with Subject "New 1st place nullptr with 36150!".[0m
Image saved as ../media/scores/2024-02-24_13.25.25.png
[32m[SCORE] nullptr 36150+0 -> 39836+0 :: total score ↑ 3686[0m
[32m[MAIL] Sending mail with Subject "New 1st place nullptr with 39836!".[0m
No changes since 0h 5m 7s.
No changes since 0h 10m 7s.
No changes since 0h 15m 7s.
Image saved as ../media/scores/2024-02-24_13.41.32.png
[32m[SCORE] tau 32388+0 -> 35129+0 :: total score ↑ 2741[0m
[32m[MAIL] Sending mail with Subject "New 1st place nullptr with 39836!".[0m
No changes since 0h 9m 1s.
No changes since 0h 14m 1s.
No changes since 0h 19m 1s.
No changes since 0h 24m 1s.
No changes since 0h 29m 2s.
No changes since 0h 34m 2s.
No changes since 0h 39m 2s.
No changes since 0h 44m 2s.
No changes since 0h 49m 3s.
No changes since 0h 54m 3s.
No changes since 0h 59m 3s.
No changes since 1h 4m 3s.
No changes since 1h 9m 4s.
No changes since 1h 14m 4s.
Image saved as ../media/scores/2024-02-24_14.57.12.png
[32m[SCORE] nullptr 39836+0 -> 43538+0 :: total score ↑ 3702[0m
[32m[MAIL] Sending mail with Subject "New 1st place nullptr with 43538!".[0m
No changes since 0h 8m 24s.
No changes since 0h 13m 25s.
No changes since 0h 18m 25s.
No changes since 0h 23m 25s.
No changes since 0h 47m 44s.
No changes since 0h 52m 45s.
No changes since 0h 57m 45s.
No changes since 1h 2m 45s.
No changes since 1h 7m 45s.
No changes since 1h 12m 45s.
No changes since 1h 17m 46s.
Image saved as ../media/scores/2024-02-24_16.19.52.png
[31m[SCORE] koeln 7086+0 -> 7035+0 :: score ↓ -51[0m
[34m[SCORE] koeln max score 7086 was on 2024-02-23 17:44:07[0m
[32m[MAIL] Sending mail with Subject "New 1st place nullptr with 43538!".[0m
No changes since 0h 5m 6s.
Image saved as ../media/scores/2024-02-24_16.26.18.png
[31m[SCORE] koeln 7035+0 -> 2053+0 :: score ↓ -4982[0m
[34m[SCORE] koeln max score 7086 was on 2024-02-23 17:44:07[0m
[32m[MAIL] Sending mail with Subject "New 1st place nullptr with 43538!".[0m
No changes since 0h 8m 41s.
No changes since 0h 13m 41s.
No changes since 0h 18m 41s.
Image saved as ../media/scores/2024-02-24_16.49.11.png
[32m[MAIL] Sending mail with Subject "1st place nullptr with 43538!".[0m
Image saved as ../media/scores/2024-02-24_16.53.31.png
[32m[SCORE] koeln 2053+0 -> 6377+0 :: total score ↑ 4324[0m
[34m[SCORE] koeln max score 7086 was on 2024-02-23 17:44:07[0m
[32m[MAIL] Sending mail with Subject "1st place nullptr with 43538!".[0m
No changes since 0h 6m 29s.
No changes since 0h 11m 30s.
No changes since 0h 16m 30s.
No changes since 0h 21m 30s.
No changes since 0h 26m 30s.
No changes since 0h 31m 30s.
No changes since 0h 36m 31s.
No changes since 0h 41m 31s.
No changes since 0h 46m 31s.
No changes since 0h 51m 31s.
No changes since 0h 56m 32s.
No changes since 1h 1m 32s.
No changes since 1h 6m 32s.
No changes since 1h 11m 32s.
No changes since 1h 16m 33s.
No changes since 1h 21m 33s.
No changes since 1h 26m 33s.
Image saved as ../media/scores/2024-02-24_18.24.31.png
[31m[SCORE] koeln 6377+0 -> 6319+0 :: score ↓ -58[0m
[34m[SCORE] koeln max score 7086 was on 2024-02-23 17:44:07[0m
[32m[MAIL] Sending mail with Subject "1st place nullptr with 43538!".[0m
Image saved as ../media/scores/2024-02-24_18.28.33.png
[32m[SCORE] tau 35129+0 -> 39105+0 :: total score ↑ 3976[0m
[32m[MAIL] Sending mail with Subject "1st place nullptr with 43538!".[0m
No changes since 0h 6m 32s.
No changes since 0h 11m 32s.
No changes since 0h 16m 33s.
No changes since 0h 21m 33s.
No changes since 0h 26m 33s.
No changes since 0h 31m 33s.
No changes since 0h 36m 34s.
No changes since 0h 41m 34s.
No changes since 0h 46m 34s.
No changes since 0h 51m 34s.
No changes since 0h 56m 35s.
No changes since 1h 1m 35s.
No changes since 1h 6m 35s.
No changes since 1h 11m 35s.
No changes since 1h 16m 36s.
No changes since 1h 21m 36s.
No changes since 1h 26m 36s.
No changes since 1h 31m 36s.
No changes since 1h 36m 37s.
No changes since 1h 41m 37s.
No changes since 1h 46m 37s.
No changes since 1h 51m 37s.
No changes since 1h 56m 38s.
No changes since 2h 1m 38s.
Image saved as ../media/scores/2024-02-24_20.31.04.png
[31m[SCORE] nullptr 43538+0 -> 43437+0 :: score ↓ -101[0m
[34m[SCORE] nullptr max score 43538 was on 2024-02-24 13:57:12[0m
[32m[MAIL] Sending mail with Subject "1st place nullptr with 43437!".[0m
No changes since 0h 9m 7s.
No changes since 0h 14m 8s.
No changes since 0h 19m 8s.
Image saved as ../media/scores/2024-02-24_20.50.53.png
[32m[SCORE] nullptr 43437+0 -> 43538+0 :: total score ↑ 101[0m
[32m[MAIL] Sending mail with Subject "1st place nullptr with 43538!".[0m
No changes since 0h 9m 19s.
No changes since 0h 14m 20s.
Image saved as ../media/scores/2024-02-24_21.07.32.png
[31m[SCORE] nullptr 43538+0 -> 43496+0 :: score ↓ -42[0m
[34m[SCORE] nullptr max score 43538 was on 2024-02-24 19:50:53[0m
[32m[MAIL] Sending mail with Subject "1st place nullptr with 43496!".[0m
No changes since 0h 7m 41s.
No changes since 0h 12m 42s.
No changes since 0h 17m 42s.
No changes since 0h 22m 42s.
No changes since 0h 27m 42s.
No changes since 0h 32m 42s.
No changes since 0h 37m 43s.
No changes since 0h 42m 43s.
No changes since 0h 47m 43s.
No changes since 0h 52m 43s.
No changes since 0h 57m 44s.
No changes since 1h 2m 44s.
No changes since 1h 7m 44s.
No changes since 1h 12m 44s.
No changes since 1h 17m 45s.
No changes since 1h 22m 45s.
No changes since 1h 27m 45s.
No changes since 1h 32m 45s.
No changes since 1h 37m 46s.
No changes since 1h 42m 46s.
No changes since 1h 47m 46s.
No changes since 1h 52m 46s.
Image saved as ../media/scores/2024-02-24_23.02.22.png
[32m[MAIL] Sending mail with Subject "1st place nullptr with 43496!".[0m
No changes since 0h 7m 57s.
No changes since 0h 12m 57s.
No changes since 0h 17m 57s.
No changes since 0h 22m 58s.
No changes since 0h 27m 58s.
No changes since 0h 32m 58s.
No changes since 0h 37m 58s.
Image saved as ../media/scores/2024-02-24_23.44.52.png
[32m[SCORE] tau 39105+0 -> 39170+0 :: total score ↑ 65[0m
[32m[MAIL] Sending mail with Subject "1st place nullptr with 43496!".[0m
No changes since 0h 5m 29s.
No changes since 0h 10m 29s.
No changes since 0h 15m 29s.
No changes since 0h 20m 30s.
No changes since 0h 25m 30s.
No changes since 0h 30m 30s.
No changes since 0h 35m 30s.
No changes since 0h 40m 31s.
No changes since 0h 45m 31s.
No changes since 0h 50m 31s.
No changes since 0h 55m 31s.
No changes since 1h 0m 32s.
No changes since 1h 5m 32s.
No changes since 1h 10m 32s.
No changes since 1h 15m 32s.
No changes since 1h 20m 32s.
No changes since 1h 25m 33s.
No changes since 1h 30m 33s.
No changes since 1h 35m 33s.
No changes since 1h 40m 33s.
No changes since 1h 45m 34s.
No changes since 1h 50m 34s.
No changes since 1h 55m 34s.
No changes since 2h 0m 34s.
No changes since 2h 5m 35s.
No changes since 2h 10m 35s.
No changes since 2h 15m 35s.
No changes since 2h 20m 35s.
No changes since 2h 25m 36s.
No changes since 2h 30m 36s.
No changes since 2h 35m 36s.
No changes since 2h 40m 36s.
No changes since 2h 45m 37s.
No changes since 2h 50m 37s.
No changes since 2h 55m 37s.
No changes since 3h 0m 37s.
No changes since 3h 5m 38s.
No changes since 3h 10m 38s.
No changes since 3h 15m 38s.
No changes since 3h 20m 38s.
No changes since 3h 25m 39s.
No changes since 3h 30m 39s.
No changes since 3h 35m 39s.
No changes since 3h 40m 39s.
No changes since 3h 45m 40s.
No changes since 3h 50m 40s.
No changes since 3h 55m 40s.
No changes since 4h 0m 40s.
No changes since 4h 5m 41s.
No changes since 4h 10m 41s.
No changes since 4h 15m 41s.
No changes since 4h 20m 41s.
No changes since 4h 25m 42s.
No changes since 4h 30m 42s.
No changes since 4h 35m 42s.
No changes since 4h 40m 42s.
No changes since 4h 45m 43s.
No changes since 4h 50m 43s.
No changes since 4h 55m 43s.
No changes since 5h 0m 43s.
No changes since 5h 5m 44s.
No changes since 5h 10m 44s.
No changes since 5h 15m 44s.
No changes since 5h 20m 44s.
No changes since 5h 25m 44s.
No changes since 5h 30m 45s.
No changes since 5h 35m 45s.
No changes since 5h 40m 45s.
No changes since 5h 45m 45s.
No changes since 5h 50m 46s.
No changes since 5h 55m 46s.
No changes since 6h 0m 46s.
No changes since 6h 5m 46s.
No changes since 6h 10m 47s.
No changes since 6h 15m 47s.
No changes since 6h 20m 47s.
No changes since 6h 25m 47s.
No changes since 6h 30m 48s.
No changes since 6h 35m 48s.
No changes since 6h 40m 48s.
No changes since 6h 45m 48s.
No changes since 6h 50m 49s.
No changes since 6h 55m 49s.
No changes since 7h 0m 49s.
No changes since 7h 5m 49s.
No changes since 7h 10m 50s.
No changes since 7h 15m 50s.
No changes since 7h 20m 50s.
No changes since 7h 25m 50s.
No changes since 7h 30m 51s.
No changes since 7h 35m 51s.
No changes since 7h 40m 51s.
No changes since 7h 45m 51s.
No changes since 7h 50m 52s.
No changes since 7h 55m 52s.
No changes since 8h 0m 52s.
No changes since 8h 5m 52s.
No changes since 8h 10m 53s.
No changes since 8h 15m 53s.
No changes since 8h 20m 53s.
No changes since 8h 25m 53s.
No changes since 8h 30m 53s.
No changes since 8h 35m 54s.
No changes since 8h 40m 54s.
No changes since 8h 45m 54s.
No changes since 8h 50m 54s.
No changes since 8h 55m 55s.
No changes since 9h 0m 55s.
No changes since 9h 5m 55s.
No changes since 9h 10m 55s.
No changes since 9h 15m 56s.
No changes since 9h 20m 56s.
No changes since 9h 25m 56s.
No changes since 9h 30m 56s.
No changes since 9h 35m 57s.
No changes since 9h 40m 57s.
No changes since 9h 45m 57s.
No changes since 9h 50m 57s.
No changes since 9h 55m 58s.
No changes since 10h 0m 58s.
No changes since 10h 5m 58s.
No changes since 10h 10m 58s.
No changes since 10h 15m 59s.
No changes since 10h 20m 59s.
No changes since 10h 25m 59s.
No changes since 10h 30m 59s.
No changes since 10h 36m 0s.
No changes since 10h 41m 0s.
No changes since 10h 46m 0s.
No changes since 10h 51m 0s.
No changes since 10h 56m 1s.
No changes since 11h 1m 1s.
No changes since 11h 6m 1s.
No changes since 11h 11m 1s.
No changes since 11h 16m 2s.
No changes since 11h 21m 2s.
No changes since 11h 26m 2s.
No changes since 11h 31m 2s.
No changes since 11h 36m 2s.
No changes since 11h 41m 3s.
No changes since 11h 46m 3s.
No changes since 11h 51m 3s.
No changes since 11h 56m 3s.
No changes since 12h 1m 4s.
No changes since 12h 6m 4s.
No changes since 12h 11m 4s.
No changes since 12h 16m 4s.
No changes since 12h 21m 5s.
No changes since 12h 26m 5s.
No changes since 12h 31m 5s.
Image saved as ../media/scores/2024-02-25_12.19.46.png
[32m[MAIL] Sending mail with Subject "1st place nullptr with 43496!".[0m
No changes since 0h 6m 12s.
No changes since 0h 11m 12s.
No changes since 0h 16m 12s.
No changes since 0h 21m 12s.
No changes since 0h 26m 13s.
No changes since 0h 31m 13s.
Image saved as ../media/scores/2024-02-25_12.52.18.png
[31m[SCORE] nullptr 43496+0 -> 43495+0 :: score ↓ -1[0m
[34m[SCORE] nullptr max score 43538 was on 2024-02-24 19:50:53[0m
[32m[MAIL] Sending mail with Subject "1st place nullptr with 43495!".[0m
No changes since 0h 8m 42s.
Image saved as ../media/scores/2024-02-25_13.03.59.png
[32m[SCORE] nullptr 43495+0 -> 44253+0 :: total score ↑ 758[0m
[32m[MAIL] Sending mail with Subject "1st place nullptr with 44253!".[0m
No changes since 0h 7m 1s.
No changes since 0h 12m 1s.
No changes since 0h 17m 2s.
No changes since 0h 22m 2s.
No changes since 0h 27m 2s.
No changes since 0h 32m 2s.
No changes since 0h 37m 3s.
No changes since 0h 42m 3s.
Image saved as ../media/scores/2024-02-25_13.47.30.png
[32m[SCORE] nullptr 44253+0 -> 45567+0 :: total score ↑ 1314[0m
[32m[MAIL] Sending mail with Subject "1st place nullptr with 45567!".[0m
No changes since 0h 8m 32s.
No changes since 0h 13m 33s.
Image saved as ../media/scores/2024-02-25_14.02.24.png
[32m[SCORE] nullptr 45567+0 -> 45584+0 :: total score ↑ 17[0m
[32m[MAIL] Sending mail with Subject "1st place nullptr with 45584!".[0m
No changes since 0h 8m 39s.
No changes since 0h 13m 39s.
Image saved as ../media/scores/2024-02-25_14.18.01.png
[31m[SCORE] nullptr 45584+0 -> 45456+0 :: score ↓ -128[0m
[34m[SCORE] nullptr max score 45584 was on 2024-02-25 13:02:24[0m
[32m[MAIL] Sending mail with Subject "1st place nullptr with 45456!".[0m
Image saved as ../media/scores/2024-02-25_14.22.39.png
[32m[SCORE] nullptr 45456+0 -> 45527+0 :: total score ↑ 71[0m
[34m[SCORE] nullptr max score 45584 was on 2024-02-25 13:02:24[0m
[32m[MAIL] Sending mail with Subject "1st place nullptr with 45527!".[0m
Image saved as ../media/scores/2024-02-25_14.29.03.png
[31m[SCORE] nullptr 45527+0 -> 45208+0 :: score ↓ -319[0m
[34m[SCORE] nullptr max score 45584 was on 2024-02-25 13:02:24[0m
[32m[MAIL] Sending mail with Subject "1st place nullptr with 45208!".[0m
No changes since 0h 7m 2s.
No changes since 0h 12m 2s.
No changes since 0h 17m 2s.
No changes since 0h 22m 2s.
No changes since 0h 27m 3s.
No changes since 0h 32m 3s.
No changes since 0h 37m 3s.
No changes since 0h 42m 3s.
No changes since 0h 47m 4s.
Image saved as ../media/scores/2024-02-25_15.18.30.png
[31m[SCORE] nullptr 45208+0 -> 44946+0 :: score ↓ -262[0m
[34m[SCORE] nullptr max score 45584 was on 2024-02-25 13:02:24[0m
[32m[MAIL] Sending mail with Subject "1st place nullptr with 44946!".[0m
Image saved as ../media/scores/2024-02-25_15.24.31.png
[32m[SCORE] nullptr 44946+0 -> 45515+0 :: total score ↑ 569[0m
[34m[SCORE] nullptr max score 45584 was on 2024-02-25 13:02:24[0m
[32m[MAIL] Sending mail with Subject "1st place nullptr with 45515!".[0m
Image saved as ../media/scores/2024-02-25_15.29.11.png
[32m[SCORE] nullptr 45515+0 -> 46052+0 :: total score ↑ 537[0m
[32m[MAIL] Sending mail with Subject "1st place nullptr with 46052!".[0m
No changes since 0h 6m 57s.
No changes since 0h 11m 57s.
No changes since 0h 16m 57s.
Image saved as ../media/scores/2024-02-25_15.47.56.png
[32m[MAIL] Sending mail with Subject "1st place nullptr with 46052!".[0m
No changes since 0h 8m 13s.
No changes since 0h 13m 13s.
Image saved as ../media/scores/2024-02-25_16.05.45.png
[32m[SCORE] nullptr 46052+0 -> 46393+0 :: total score ↑ 341[0m
[32m[MAIL] Sending mail with Subject "1st place nullptr with 46393!".[0m
No changes since 0h 5m 25s.
No changes since 0h 10m 25s.
No changes since 0h 15m 25s.
No changes since 0h 20m 25s.
Image saved as ../media/scores/2024-02-25_16.26.36.png
[32m[SCORE] nullptr 46393+0 -> 56575+0 :: total score ↑ 10182[0m
[32m[MAIL] Sending mail with Subject "1st place nullptr with 56575!".[0m
No changes since 0h 9m 35s.
No changes since 0h 14m 35s.
No changes since 0h 19m 36s.
No changes since 0h 24m 36s.
No changes since 0h 29m 36s.
No changes since 0h 34m 36s.
No changes since 0h 39m 36s.
No changes since 0h 44m 37s.
Image saved as ../media/scores/2024-02-25_17.14.46.png
[32m[SCORE] koeln 6319+0 -> 6502+0 :: total score ↑ 183[0m
[34m[SCORE] koeln max score 7086 was on 2024-02-23 17:44:07[0m
[32m[MAIL] Sending mail with Subject "1st place nullptr with 56575!".[0m
No changes since 0h 6m 27s.
Image saved as ../media/scores/2024-02-25_17.22.37.png
[31m[SCORE] koeln 6502+0 -> 6496+0 :: score ↓ -6[0m
[34m[SCORE] koeln max score 7086 was on 2024-02-23 17:44:07[0m
[32m[MAIL] Sending mail with Subject "1st place nullptr with 56575!".[0m
Image saved as ../media/scores/2024-02-25_17.28.06.png
[31m[SCORE] koeln 6496+0 -> 5916+0 :: score ↓ -580[0m
[34m[SCORE] koeln max score 7086 was on 2024-02-23 17:44:07[0m
[32m[MAIL] Sending mail with Subject "1st place nullptr with 56575!".[0m
No changes since 0h 8m 8s.
Image saved as ../media/scores/2024-02-25_17.37.46.png
[32m[SCORE] nullptr 56575+0 -> 58076+0 :: total score ↑ 1501[0m
[32m[MAIL] Sending mail with Subject "1st place nullptr with 58076!".[0m
No changes since 0h 8m 29s.
No changes since 0h 13m 29s.
No changes since 0h 18m 29s.
No changes since 0h 23m 29s.
No changes since 0h 28m 30s.
No changes since 0h 33m 30s.
No changes since 0h 38m 30s.
No changes since 0h 43m 30s.
No changes since 0h 48m 31s.
No changes since 0h 53m 31s.
No changes since 0h 58m 31s.
No changes since 1h 3m 31s.
No changes since 1h 8m 32s.
No changes since 1h 13m 32s.
No changes since 1h 18m 32s.
No changes since 1h 23m 32s.
No changes since 1h 28m 33s.
No changes since 1h 33m 33s.
No changes since 1h 38m 33s.
Image saved as ../media/scores/2024-02-25_19.19.58.png
[32m[SCORE] tau 39170+0 -> 40633+0 :: total score ↑ 1463[0m
[32m[MAIL] Sending mail with Subject "1st place nullptr with 58076!".[0m
No changes since 0h 6m 22s.
No changes since 0h 11m 22s.
No changes since 0h 16m 22s.
No changes since 0h 21m 22s.
No changes since 0h 26m 23s.
No changes since 0h 31m 23s.
No changes since 0h 36m 23s.
No changes since 0h 41m 23s.
No changes since 0h 46m 24s.
Image saved as ../media/scores/2024-02-25_20.09.43.png
[31m[SCORE] tau 40633+0 -> 37193+0 :: score ↓ -3440[0m
[34m[SCORE] tau max score 40633 was on 2024-02-25 18:19:58[0m
[32m[MAIL] Sending mail with Subject "1st place nullptr with 58076!".[0m
No changes since 0h 6m 39s.
No changes since 0h 11m 39s.
No changes since 0h 16m 40s.
No changes since 0h 21m 40s.
Image saved as ../media/scores/2024-02-25_20.35.38.png
[32m[SCORE] nullptr 58076+0 -> 59600+0 :: total score ↑ 1524[0m
[32m[SCORE] tau 37193+0 -> 40633+0 :: total score ↑ 3440[0m
[32m[MAIL] Sending mail with Subject "1st place nullptr with 59600!".[0m
Image saved as ../media/scores/2024-02-25_20.41.01.png
[31m[SCORE] phoenix 17004+0 -> 16209+0 :: score ↓ -795[0m
[34m[SCORE] phoenix max score 17004 was on 2024-02-24 02:26:41[0m
[32m[MAIL] Sending mail with Subject "1st place nullptr with 59600!".[0m
No changes since 0h 5m 23s.
No changes since 0h 10m 23s.
No changes since 0h 15m 23s.
Image saved as ../media/scores/2024-02-25_21.00.29.png
[32m[MAIL] Sending mail with Subject "1st place nullptr with 59600!".[0m
Image saved as ../media/scores/2024-02-25_21.04.54.png
[32m[MAIL] Sending mail with Subject "1st place nullptr with 59600!".[0m
No changes since 0h 6m 31s.
No changes since 0h 11m 31s.
No changes since 0h 16m 32s.
Image saved as ../media/scores/2024-02-25_21.23.26.png
[31m[SCORE] nullptr 59600+0 -> 59425+0 :: score ↓ -175[0m
[34m[SCORE] nullptr max score 59600 was on 2024-02-25 19:35:38[0m
[32m[MAIL] Sending mail with Subject "1st place nullptr with 59425!".[0m
Image saved as ../media/scores/2024-02-25_21.28.29.png
[32m[MAIL] Sending mail with Subject "1st place nullptr with 59425!".[0m
No changes since 0h 7m 58s.
No changes since 0h 12m 58s.
No changes since 0h 17m 58s.
No changes since 0h 22m 58s.
No changes since 0h 27m 59s.
No changes since 0h 32m 59s.
No changes since 0h 37m 59s.
No changes since 0h 42m 59s.
No changes since 0h 48m 0s.
No changes since 0h 53m 0s.
No changes since 0h 58m 0s.
Image saved as ../media/scores/2024-02-25_22.28.10.png
[31m[SCORE] koeln 5916+0 -> 4309+0 :: score ↓ -1607[0m
[34m[SCORE] koeln max score 7086 was on 2024-02-23 17:44:07[0m
[32m[MAIL] Sending mail with Subject "1st place nullptr with 59425!".[0m
Image saved as ../media/scores/2024-02-25_22.34.38.png
[31m[SCORE] koeln 4309+0 -> 3455+0 :: score ↓ -854[0m
[34m[SCORE] koeln max score 7086 was on 2024-02-23 17:44:07[0m
[32m[MAIL] Sending mail with Subject "1st place nullptr with 59425!".[0m
Image saved as ../media/scores/2024-02-25_22.41.43.png
[31m[SCORE] koeln 3455+0 -> 2894+0 :: score ↓ -561[0m
[34m[SCORE] koeln max score 7086 was on 2024-02-23 17:44:07[0m
[32m[MAIL] Sending mail with Subject "1st place nullptr with 59425!".[0m
No changes since 0h 4m 47s.
No changes since 0h 9m 47s.
No changes since 0h 14m 48s.
No changes since 0h 19m 48s.
No changes since 0h 24m 48s.
No changes since 0h 29m 48s.
No changes since 0h 34m 49s.
No changes since 0h 39m 49s.
No changes since 0h 44m 49s.
No changes since 0h 49m 49s.
No changes since 0h 54m 50s.
Image saved as ../media/scores/2024-02-25_23.38.30.png
[32m[MAIL] Sending mail with Subject "1st place nullptr with 59425!".[0m
No changes since 0h 8m 3s.
No changes since 0h 13m 4s.
No changes since 0h 18m 4s.
No changes since 0h 23m 4s.
No changes since 0h 28m 4s.
No changes since 0h 33m 4s.
No changes since 0h 38m 5s.
No changes since 0h 43m 5s.
No changes since 0h 48m 5s.
No changes since 0h 53m 5s.
No changes since 0h 58m 6s.
No changes since 1h 3m 6s.
No changes since 1h 8m 6s.
No changes since 1h 13m 6s.
No changes since 1h 18m 7s.
No changes since 1h 23m 7s.
No changes since 1h 28m 7s.
No changes since 1h 33m 7s.
No changes since 1h 38m 8s.
No changes since 1h 43m 8s.
No changes since 1h 48m 8s.
No changes since 1h 53m 8s.
No changes since 1h 58m 9s.
No changes since 2h 3m 9s.
No changes since 2h 8m 9s.
No changes since 2h 13m 9s.
No changes since 2h 18m 10s.
No changes since 2h 23m 10s.
No changes since 2h 28m 10s.
No changes since 2h 33m 10s.
No changes since 2h 38m 11s.
No changes since 2h 43m 11s.
No changes since 2h 48m 11s.
No changes since 2h 53m 11s.
No changes since 2h 58m 12s.
No changes since 3h 3m 12s.
No changes since 3h 8m 12s.
No changes since 3h 13m 12s.
No changes since 3h 18m 12s.
No changes since 3h 23m 13s.
No changes since 3h 28m 13s.
No changes since 3h 33m 13s.
No changes since 3h 38m 13s.
No changes since 3h 43m 14s.
No changes since 3h 48m 14s.
No changes since 3h 53m 14s.
No changes since 3h 58m 14s.
No changes since 4h 3m 15s.
No changes since 4h 8m 15s.
No changes since 4h 13m 15s.
No changes since 4h 18m 15s.
No changes since 4h 23m 16s.
No changes since 4h 28m 16s.
No changes since 4h 33m 16s.
No changes since 4h 38m 16s.
No changes since 4h 43m 17s.
No changes since 4h 48m 17s.
No changes since 4h 53m 17s.
No changes since 4h 58m 17s.
No changes since 5h 3m 18s.
No changes since 5h 8m 18s.
No changes since 5h 13m 18s.
No changes since 5h 18m 18s.
No changes since 5h 23m 19s.
No changes since 5h 28m 19s.
No changes since 5h 33m 19s.
No changes since 5h 38m 19s.
No changes since 5h 43m 20s.
No changes since 5h 48m 20s.
No changes since 5h 53m 20s.
No changes since 5h 58m 20s.
No changes since 6h 3m 20s.
No changes since 6h 8m 21s.
No changes since 6h 13m 21s.
No changes since 6h 18m 21s.
No changes since 6h 23m 21s.
No changes since 6h 28m 22s.
No changes since 6h 33m 22s.
No changes since 6h 38m 22s.
No changes since 6h 43m 22s.
No changes since 6h 48m 23s.
No changes since 6h 53m 23s.
No changes since 6h 58m 23s.
No changes since 7h 3m 23s.
No changes since 7h 8m 24s.
No changes since 7h 13m 24s.
No changes since 7h 18m 24s.
No changes since 7h 23m 24s.
No changes since 7h 28m 25s.
Image saved as ../media/scores/2024-02-26_07.12.17.png
[31m[SCORE] nullptr 59425+0 -> 59096+0 :: score ↓ -329[0m
[34m[SCORE] nullptr max score 59600 was on 2024-02-25 19:35:38[0m
[32m[MAIL] Sending mail with Subject "1st place nullptr with 59096!".[0m
No changes since 0h 4m 38s.
No changes since 0h 9m 38s.
No changes since 0h 14m 39s.
No changes since 0h 19m 39s.
No changes since 0h 24m 39s.
No changes since 0h 29m 39s.
No changes since 0h 34m 40s.
No changes since 0h 39m 40s.
No changes since 0h 44m 40s.
No changes since 0h 49m 40s.
No changes since 0h 54m 41s.
No changes since 0h 59m 41s.
No changes since 1h 4m 41s.
No changes since 1h 9m 41s.
No changes since 1h 14m 42s.
No changes since 1h 19m 42s.
No changes since 1h 24m 42s.
No changes since 1h 29m 42s.
No changes since 1h 34m 43s.
No changes since 1h 39m 43s.
No changes since 1h 44m 43s.
No changes since 1h 49m 43s.
No changes since 1h 54m 44s.
No changes since 1h 59m 44s.
No changes since 2h 4m 44s.
No changes since 2h 9m 44s.
No changes since 2h 14m 45s.
No changes since 2h 19m 45s.
No changes since 2h 24m 45s.
No changes since 2h 29m 45s.
No changes since 2h 34m 45s.
No changes since 2h 39m 46s.
No changes since 2h 44m 46s.
No changes since 2h 49m 46s.
Image saved as ../media/scores/2024-02-26_10.07.24.png
[31m[SCORE] code-mates 7237+0 -> 1992+0 :: score ↓ -5245[0m
[34m[SCORE] code-mates max score 7237 was on 2024-02-23 17:44:07[0m
[32m[MAIL] Sending mail with Subject "1st place nullptr with 59096!".[0m
No changes since 0h 4m 40s.
Image saved as ../media/scores/2024-02-26_10.13.10.png
[32m[SCORE] code-mates 1992+0 -> 2287+0 :: total score ↑ 295[0m
[34m[SCORE] code-mates max score 7237 was on 2024-02-23 17:44:07[0m
[32m[MAIL] Sending mail with Subject "1st place nullptr with 59096!".[0m
No changes since 0h 8m 54s.
Image saved as ../media/scores/2024-02-26_10.22.56.png
[32m[SCORE] code-mates 2287+0 -> 7237+0 :: total score ↑ 4950[0m
[32m[MAIL] Sending mail with Subject "1st place nullptr with 59096!".[0m
No changes since 0h 9m 9s.
No changes since 0h 14m 9s.
No changes since 0h 19m 9s.
No changes since 0h 24m 10s.
No changes since 0h 29m 10s.
No changes since 0h 34m 10s.
No changes since 0h 39m 10s.
No changes since 0h 44m 11s.
No changes since 0h 49m 11s.
No changes since 0h 54m 11s.
No changes since 0h 59m 11s.
No changes since 1h 4m 12s.
No changes since 1h 9m 12s.
No changes since 1h 14m 12s.
No changes since 1h 19m 12s.
No changes since 1h 24m 13s.
No changes since 1h 29m 13s.
Image saved as ../media/scores/2024-02-26_11.54.23.png
[32m[MAIL] Sending mail with Subject "1st place nullptr with 59096!".[0m
Image saved as ../media/scores/2024-02-26_11.57.48.png
[32m[MAIL] Sending mail with Subject "1st place nullptr with 59096!".[0m
No changes since 0h 9m 22s.
No changes since 0h 14m 22s.
Image saved as ../media/scores/2024-02-26_12.13.30.png
[32m[MAIL] Sending mail with Subject "1st place nullptr with 59096!".[0m
Image saved as ../media/scores/2024-02-26_12.19.07.png
[32m[SCORE] nullptr 59096+0 -> 63160+0 :: total score ↑ 4064[0m
[32m[MAIL] Sending mail with Subject "1st place nullptr with 63160!".[0m
Image saved as ../media/scores/2024-02-26_12.25.06.png
[34m[INFO] New group seen: [1m('columbus', '&nbsp;', '839')[0m
[32m[SCORE] Team [1mcolumbus[22m hinzugefügt mit score 839 (+0)![0m
[32m[MAIL] Sending mail with Subject "1st place nullptr with 63160!".[0m
No changes since 0h 7m 5s.
No changes since 0h 12m 6s.
No changes since 0h 17m 6s.
No changes since 0h 22m 6s.
No changes since 0h 27m 6s.
No changes since 0h 32m 7s.
No changes since 0h 37m 7s.
No changes since 0h 42m 7s.
No changes since 0h 47m 7s.
Image saved as ../media/scores/2024-02-26_13.13.51.png
[34m[INFO] New group seen: [1m('columbus', '&nbsp;', '839')[0m
[32m[SCORE] phoenix 16209+0 -> 16998+0 :: total score ↑ 789[0m
[34m[SCORE] phoenix max score 17004 was on 2024-02-24 02:26:41[0m
[32m[MAIL] Sending mail with Subject "1st place nullptr with 63160!".[0m
No changes since 0h 8m 23s.
No changes since 0h 13m 23s.
Image saved as ../media/scores/2024-02-26_13.29.25.png
[34m[INFO] New group seen: [1m('columbus', '&nbsp;', '839')[0m
[32m[MAIL] Sending mail with Subject "1st place nullptr with 63160!".[0m
Image saved as ../media/scores/2024-02-27_13.31.46.png
[34m[INFO] New group seen: [1m('horst', '&nbsp;', '6494')[0m
[34m[INFO] New group seen: [1m('arli', '&nbsp;', '839')[0m
[32m[SCORE] nullptr 63160+0 -> 63847+0 :: total score ↑ 687[0m
[32m[SCORE] phoenix 16998+0 -> 27635+0 :: total score ↑ 10637[0m
[32m[SCORE] koeln 2894+0 -> 10973+0 :: total score ↑ 8079[0m
[32m[SCORE] Team [1mhorst[22m hinzugefügt mit score 6494 (+0)![0m
[32m[SCORE] Team [1marli[22m hinzugefügt mit score 839 (+0)![0m
[32m[MAIL] Sending mail with Subject "1st place nullptr with 63847!".[0m
Image saved as ../media/scores/2024-02-27_13.48.19.png
[34m[INFO] New group seen: [1m('horst', '&nbsp;', '6078')[0m
[34m[INFO] New group seen: [1m('arli', '&nbsp;', '839')[0m
[31m[SCORE] horst 6494+0 -> 6078+0 :: score ↓ -416[0m
[34m[SCORE] horst max score 6494 was on 2024-02-27 12:31:46[0m
[32m[MAIL] Sending mail with Subject "1st place nullptr with 63847!".[0m
No changes since 0h 6m 45s.
No changes since 0h 11m 45s.
Image saved as ../media/scores/2024-02-27_14.04.19.png
[34m[INFO] New group seen: [1m('horst', '&nbsp;', '6078')[0m
[34m[INFO] New group seen: [1m('arli', '&nbsp;', '839')[0m
[32m[MAIL] Sending mail with Subject "1st place nullptr with 63847!".[0m
No changes since 0h 5m 45s.
Image saved as ../media/scores/2024-02-27_14.14.40.png
[34m[INFO] New group seen: [1m('horst', '&nbsp;', '8257')[0m
[34m[INFO] New group seen: [1m('arli', '&nbsp;', '839')[0m
[32m[SCORE] horst 6078+0 -> 8257+0 :: total score ↑ 2179[0m
[32m[MAIL] Sending mail with Subject "1st place nullptr with 63847!".[0m
Image saved as ../media/scores/2024-02-27_14.59.17.png
[34m[INFO] New group seen: [1m('horst', '&nbsp;', '15014')[0m
[34m[INFO] New group seen: [1m('arli', '&nbsp;', '839')[0m
[32m[SCORE] tetris-for-the-win 21942+0 -> 55141+0 :: total score ↑ 33199[0m
[32m[SCORE] horst 8257+0 -> 15014+0 :: total score ↑ 6757[0m
[32m[MAIL] Sending mail with Subject "1st place nullptr with 63847!".[0m
Image saved as ../media/scores/2024-02-27_15.04.24.png
[34m[INFO] New group seen: [1m('horst', '&nbsp;', '19736')[0m
[34m[INFO] New group seen: [1m('arli', '&nbsp;', '839')[0m
[32m[SCORE] horst 15014+0 -> 19736+0 :: total score ↑ 4722[0m
[32m[MAIL] Sending mail with Subject "1st place nullptr with 63847!".[0m
No changes since 0h 6m 19s.
No changes since 0h 11m 19s.
No changes since 0h 16m 20s.
No changes since 0h 21m 20s.
No changes since 0h 26m 20s.
No changes since 0h 31m 20s.
No changes since 0h 36m 21s.
No changes since 0h 41m 21s.
No changes since 0h 46m 21s.
No changes since 0h 51m 21s.
Image saved as ../media/scores/2024-02-27_16.00.16.png
[34m[INFO] New group seen: [1m('horst', '&nbsp;', '19736')[0m
[34m[INFO] New group seen: [1m('arli', '&nbsp;', '839')[0m
[32m[MAIL] Sending mail with Subject "1st place nullptr with 63847!".[0m
Image saved as ../media/scores/2024-02-27_16.06.02.png
[34m[INFO] New group seen: [1m('horst', '&nbsp;', '19736')[0m
[34m[INFO] New group seen: [1m('arli', '&nbsp;', '839')[0m
[32m[MAIL] Sending mail with Subject "1st place nullptr with 63847!".[0m
Image saved as ../media/scores/2024-02-27_16.10.14.png
[34m[INFO] New group seen: [1m('horst', '&nbsp;', '19736')[0m
[34m[INFO] New group seen: [1m('arli', '&nbsp;', '839')[0m
[32m[MAIL] Sending mail with Subject "1st place nullptr with 63847!".[0m
Image saved as ../media/scores/2024-02-27_16.13.34.png
[34m[INFO] New group seen: [1m('horst', '&nbsp;', '19736')[0m
[34m[INFO] New group seen: [1m('arli', '&nbsp;', '839')[0m
[32m[MAIL] Sending mail with Subject "1st place nullptr with 63847!".[0m
Image saved as ../media/scores/2024-02-27_16.21.05.png
[34m[INFO] New group seen: [1m('horst', '&nbsp;', '19736')[0m
[34m[INFO] New group seen: [1m('arli', '&nbsp;', '839')[0m
[32m[MAIL] Sending mail with Subject "1st place nullptr with 63847!".[0m
No changes since 0h 4m 42s.
No changes since 0h 9m 42s.
No changes since 0h 14m 43s.
Image saved as ../media/scores/2024-02-27_16.38.52.png
[34m[INFO] New group seen: [1m('horst', '&nbsp;', '19736')[0m
[34m[INFO] New group seen: [1m('arli', '&nbsp;', '839')[0m
[32m[MAIL] Sending mail with Subject "1st place nullptr with 63847!".[0m
Image saved as ../media/scores/2024-02-27_16.45.54.png
[34m[INFO] New group seen: [1m('horst', '&nbsp;', '19736')[0m
[34m[INFO] New group seen: [1m('arli', '&nbsp;', '839')[0m
[32m[MAIL] Sending mail with Subject "1st place nullptr with 63847!".[0m
No changes since 0h 4m 54s.
Image saved as ../media/scores/2024-02-27_16.55.46.png
[34m[INFO] New group seen: [1m('horst', '&nbsp;', '18982')[0m
[34m[INFO] New group seen: [1m('arli', '&nbsp;', '839')[0m
[31m[SCORE] nullptr 63847+0 -> 63135+0 :: score ↓ -712[0m
[34m[SCORE] nullptr max score 63847 was on 2024-02-27 12:31:46[0m
[31m[SCORE] horst 19736+0 -> 18982+0 :: score ↓ -754[0m
[34m[SCORE] horst max score 19736 was on 2024-02-27 14:04:24[0m
[32m[MAIL] Sending mail with Subject "1st place nullptr with 63135!".[0m
No changes since 0h 5m 3s.
