5.8 52.5 2.4509577044999773 NLD 0
15.5 45.2 2.849630885800353 HRV 1
25.0 46.0 5.8479959344238495 ROU 2
20.0 47.0 3.6529498838908854 HUN 3
25.0 43.0 3.9885308688392893 BGR 4
22.0 41.8 1.9204715912759185 MKD 5
12.8 42.8 6.5749245998202985 ITA 6
21.0 44.0 3.560788549795819 SRB 7
2.0 46.0 8.896412852951949 FRA 8
15.0 46.0 1.7043075228846432 SVN 9
9.0 51.0 7.157605076850367 DEU 10
18.0 44.0 2.7101224697669384 BIH 11
-4.0 40.0 8.5201443336093 ESP 12
20.0 41.0 2.030643991933048 ALB 13
10.0 56.0 2.4862250953761547 DNK 14
4.0 50.8 2.092076179123104 BEL 15
15.5 49.8 3.3642088395303458 CZE 16
-8.0 39.5 3.634486811011033 PRT 17
19.5 48.7 2.652563622366105 SVK 18
20.0 52.0 6.697764136136445 POL 19
6.2 49.8 0.6099073370240701 LUX 20
13.3 47.3 3.4684602593695137 AUT 21
22.0 39.0 4.351064452145054 GRC 22
8.0 47.0 2.433132320987211 CHE 23