64.0 41.0 9.165249799839879 UZB 0
57.0 21.0 7.624110551162383 OMN 1
105.0 18.0 6.667895066691008 LAO 2
114.7 4.5 1.0456093754722486 BRN 3
45.0 40.0 2.3767017744604053 ARM 4
60.0 40.0 9.573656389070646 TKM 5
100.0 15.0 9.817969520679258 THA 6
105.0 35.0 42.686824002953294 CHN 7
47.5 40.5 4.027066922312823 AZE 8
54.0 24.0 3.9586132058775765 ARE 9
70.0 30.0 12.869918156710751 PAK 10
35.2 32.0 1.0456093754722486 PSE 11
125.5 -8.6 1.653253584659251 TLS 12
38.0 35.0 5.8994364493626845 SYR 13
90.5 27.5 2.699751798561571 BTN 14
98.0 22.0 11.269644917170192 MMR 15
105.0 46.0 17.133323448509998 MNG 16
127.5 37.0 4.332239480641488 KOR 17
84.0 28.0 5.2627851125215495 NPL 18
36.0 31.0 4.094376323669309 JOR 19
43.5 42.0 3.6220971263765955 GEO 20
75.0 41.0 6.1267118289713665 KGZ 21
113.5 22.2 0.0 MAC 22
106.0 16.0 7.882628024457049 VNM 23
90.0 24.0 5.2627851125215495 BGD 24
34.8 31.5 1.956156021707913 ISR 25
65.0 33.0 11.065689504068517 AFG 26
35.8 33.8 1.415761787097328 LBN 27
45.0 25.0 20.090035713661454 SAU 28
53.0 32.0 17.589872296277676 IRN 29
48.0 15.0 9.956192692197936 YEM 30
112.5 2.5 7.882628024457049 MYS 31
127.0 40.0 4.753403548920811 PRK 32
51.2 25.5 1.4787149597373157 QAT 33
114.2 22.2 0.42686824002953294 HKG 34
47.7 29.3 1.8110485631882978 KWT 35
77.0 20.0 24.842851413426768 IND 36
105.0 13.0 5.837335388915506 KHM 37
120.0 -5.0 18.907902102207885 IDN 38
71.0 39.0 5.175502359080605 TJK 39
44.0 33.0 9.075343268678697 IRQ 40
35.0 39.0 12.126364291787961 TUR 41
68.0 48.0 22.615961169691023 KAZ 42