-77.5 -2.0 0.4475214938175173 ECU 0
-56.0 4.0 0.3442564454068748 SUR 1
-55.0 -10.0 2.4820504890431346 BRA 2
-64.0 -34.0 1.418248616073718 ARG 3
-85.0 13.0 0.3071088665213519 NIC 4
-88.8 17.2 0.12889602208510144 BLZ 5
-65.0 -17.0 0.8914864923690847 BOL 6
-86.5 15.0 0.28527246404322423 HND 7
-58.0 -23.0 0.5424547151091958 PRY 8
-95.0 60.0 2.687605895058539 CAN 9
-56.0 -33.0 0.3618918870068035 URY 10
-88.9 13.8 0.1233757624386122 SLV 11
-102.0 23.0 1.1920952082190355 MEX 12
-84.0 10.0 0.1922686582411203 CRI 13
-80.0 9.0 0.23357857588330763 PAN 14
-90.2 15.5 0.2806665977335629 GTM 15
-66.0 8.0 0.8142391419234184 VEN 16
-71.0 -30.0 0.7395864822700807 CHL 17
-76.0 -10.0 0.9642435742586582 PER 18
-97.0 38.0 2.6039281390270725 USA 19
-72.0 4.0 0.908832544575934 COL 20
-53.0 4.0 0.2458274433255829 GUF 21
-59.0 5.0 0.39435439372887664 GUY 22
