15.5 45.2 4.5526776267791265 HRV 0
64.0 41.0 12.800566630480661 UZB 1
25.0 43.0 6.3724454835751505 BGR 2
-13.0 24.5 9.870107858320674 ESH 3
10.0 2.0 3.2051952368216887 GNQ 4
21.0 44.0 5.688674218797457 SRB 5
-2.0 13.0 9.998537412556495 BFA 6
1.2 8.0 4.560351985783924 TGO 7
60.0 40.0 13.370129438428238 TKM 8
25.0 57.0 4.862500296963778 LVA 9
9.0 51.0 11.436279335159089 DEU 10
100.0 15.0 13.708525639829128 THA 11
47.5 40.5 5.631706185458269 AZE 12
105.0 35.0 59.624244055997465 CHN 13
11.8 -1.0 9.901006387181587 GAB 14
70.0 30.0 17.971892835527065 PAK 15
30.0 -2.0 3.1057915955951527 RWA 16
38.0 35.0 8.23528191952439 SYR 17
30.0 -15.0 16.602245666982306 ZMB 18
10.0 56.0 3.972737306930873 DNK 19
84.0 28.0 7.341874240192468 NPL 20
9.0 34.0 7.740806634916116 TUN 21
90.0 24.0 7.3515691515904384 BGD 22
75.0 41.0 8.55742280868692 KGZ 23
30.0 27.0 19.16075246330227 EGY 24
3.0 28.0 29.53442505320899 DZA 25
8.0 16.0 21.54118133629447 NER 26
65.0 33.0 15.455449563713943 AFG 27
48.0 15.0 13.905448296150741 YEM 28
-8.0 39.5 5.807470446510981 PRT 29
25.0 0.0 29.304851741309538 COD 30
47.7 29.3 2.5545139778953314 KWT 31
-5.4 36.2 0.04916467937664355 GIB 32
105.0 13.0 8.142587247993765 KHM 33
120.0 -5.0 26.41068124532207 IDN 34
71.0 39.0 7.239371743142473 TJK 35
-11.5 8.5 5.125796076476639 SLE 36
35.0 39.0 16.940177626341764 TUR 37
28.0 53.0 8.719565300316212 BLR 38
20.0 47.0 5.83697462775056 HUN 39
22.0 41.8 3.0687320534447307 MKD 40
114.7 4.5 1.453036016482347 BRN 41
24.0 -29.0 21.146848235527195 ZAF 42
19.0 15.0 21.68521682549118 TCD 43
12.4 43.8 0.14966318452911395 SMR 44
2.0 46.0 14.214471604740707 FRA 45
35.0 -18.2 17.133943665848665 MOZ 46
38.0 8.0 20.11058959170349 ETH 47
39.0 15.0 6.562738898037361 ERI 48
1.6 42.5 0.4140744138351208 AND 49
18.0 44.0 4.330661324557398 BIH 50
18.5 -12.5 21.36791838839133 AGO 51
26.0 64.0 11.132986753931805 FIN 52
30.0 15.0 26.282090574320566 SDN 53
90.5 27.5 3.749839655771483 BTN 54
98.0 22.0 15.74128351252131 MMR 55
105.0 46.0 23.933976599751627 MNG 56
127.5 37.0 6.058104696833318 KOR 57
21.0 7.0 15.104965295379047 CAF 58
34.8 31.5 2.758046492041257 ISR 59
113.5 22.2 0.10993556517815699 MAC 60
106.0 16.0 11.013729508072137 VNM 61
-5.0 32.0 12.788400021873175 MAR 62
35.8 33.8 1.9565236374913348 LBN 63
45.0 25.0 28.058804141709228 SAU 64
53.0 32.0 24.568891108590357 IRN 65
43.0 11.5 2.914903037488802 DJI 66
24.0 56.0 4.890324761576848 LTU 67
100.0 60.0 79.13288034265885 RUS 68
30.0 -20.0 11.962848551320587 ZWE 69
-12.0 20.0 19.428862804347926 MRT 70
24.0 -22.0 14.599658289365967 BWA 71
51.2 25.5 2.0599159718334348 QAT 72
-16.6 13.5 1.9785551345459282 GMB 73
77.0 20.0 34.699247425117875 IND 74
12.0 6.0 13.195626536088458 CMR 75
12.4 41.9 0.012694265629824517 VAT 76
-9.5 6.5 6.386502574644777 LBR 77
-2.0 8.0 9.346635288746455 GHA 78
25.0 46.0 9.343859091966177 ROU 79
32.0 49.0 14.866882024982077 UKR 80
30.0 -3.5 3.19277815183945 BDI 81
38.0 1.0 14.579163740507054 KEN 82
-10.0 11.0 9.489046346621564 GIN 83
34.0 -13.5 6.587357657133296 MWI 84
15.0 46.0 2.7248352799749322 SVN 85
28.5 -29.5 3.334244985537033 LSO 86
-5.0 8.0 10.867284926928818 CIV 87
49.0 10.0 15.281808080540799 SOM 88
30.0 8.0 15.065644083474325 SSD 89
125.5 -8.6 2.333984953220948 TLS 90
9.5 47.2 0.2421911523497876 LIE 91
4.0 50.8 3.343728362901494 BEL 92
15.0 -1.0 11.191656516480931 COG 93
35.0 -6.0 18.604462963356873 TZA 94
15.5 49.8 5.374323911470989 CZE 95
112.5 2.5 11.006923884705028 MYS 96
19.5 48.7 4.23783185708528 SVK 97
32.0 1.0 9.405559963855499 UGA 98
127.0 40.0 6.644208219816343 PRK 99
6.2 49.8 0.9731626382871248 LUX 100
2.2 9.5 6.422332468024695 BEN 101
22.0 39.0 6.952669102109344 GRC 102
8.0 47.0 3.8884050369080385 CHE 103
-14.0 14.0 8.488041383186808 SEN 104
36.0 31.0 5.720171879825331 JOR 105
5.8 52.5 3.914982317706948 NLD 106
57.0 21.0 10.64661481915231 OMN 107
12.8 42.8 10.505262218673552 ITA 108
105.0 18.0 9.312626087891156 LAO 109
45.0 40.0 3.300460239294668 ARM 110
7.4 43.7 0.028385240872726803 MCO 111
54.0 24.0 5.533302104286676 ARE 112
35.2 32.0 1.5092835896515178 PSE 113
15.0 62.0 12.841917149747891 SWE 114
29.0 47.0 3.5207540575210716 MDA 115
-4.0 40.0 13.612976759834263 ESP 116
8.0 10.0 18.393430203769647 NGA 117
20.0 41.0 3.2447695147537408 ALB 118
31.5 -26.5 2.521785440438141 SWZ 119
43.5 42.0 5.052397457890373 GEO 120
17.0 25.0 25.385214666124078 LBY 121
147.0 -6.0 13.01957078769355 PNG 122
20.0 52.0 10.701152987039785 POL 123
13.3 47.3 5.542264619747941 AUT 124
114.2 22.2 0.6358547390090641 HKG 125
26.0 59.0 4.069873421071133 EST 126
10.0 62.0 10.889830355676377 NOR 127
19.0 42.0 2.2491072070557596 MNE 128
44.0 33.0 12.669964586671146 IRQ 129
-15.0 12.0 3.637344618942839 GNB 130
-4.0 17.0 21.312072863289 MLI 131
68.0 48.0 31.59050321066625 KAZ 132