16.00255819 44.85000405 49.368397802671034 HRV 0
64.19764525 40.77497118 44.522887117791335 UZB 1
25.25361208 42.66886573 56.288633951123799 BGR 2
10.06297698 2.06420075 65.61850632886707 GNQ 3
21.02062809 43.76988599 53.779084465077673 SRB 4
-2.017510932 13.2965924 10.664792828498646 BFA 5
1.39656761 7.847412334 12.74686550124585 TGO 6
59.53166879 40.08179013 85.698381669840728 TKM 7
25.13564631 56.94921585 45.959477166184897 LVA 8
8.971573468 51.66358704 67.208747399207454 DEU 9
100.0628263 15.20219156 46.661189155783539 THA 10
47.42560054 40.26552023 46.661189155783539 AZE 11
104.7308817 35.20986251 65.988886540565474 CHN 12
11.97795506 -0.462425295 33.725036111885203 GAB 13
70.24471229 29.77965898 24.848215316316704 PAK 14
29.82425118 -2.15056051 6.9817457725167476 RWA 15
38.29058054 34.77727944 31.994378485495933 SYR 16
30.24290881 -15.13976783 14.533662791564524 ZMB 17
9.763593844 55.77644651 51.463249564535673 DNK 18
84.23737384 27.57039315 18.471963031155848 NPL 19
9.240685703 34.36721457 37.381147506716857 TUN 20
29.72514899 26.77918805 34.908728862583743 EGY 21
75.31622023 41.3108102 32.247302409408611 KGZ 22
89.45334846 24.38444706 18.0267900696076 BGD 23
3.319922829 27.99559162 45.604572417332243 DZA 24
8.229538209 16.13624065 6.9817457725167476 NER 25
64.83338215 33.00833827 13.3690253241415 AFG 26
48.33956664 14.94767699 13.963491545033495 YEM 27
-7.824186092 39.59851718 48.202706309168761 PRT 28
25.046198 0.1753602354 4.0309128011760764 COD 29
47.34104607 29.16944019 110.61165527215444 KWT 30
104.8501671 12.71339501 23.155831109088059 KHM 31
120.2186821 -4.861700878 35.600057933006831 IDN 32
71.19465267 39.42716856 24.185476807056457 TJK 33
-11.3213984 8.552082325 8.0618256023521528 SLE 34
34.81765437 39.09159197 52.246601284630053 TUR 35
27.85203134 52.85638462 59.788098835393114 BLR 36
19.86618168 47.16479442 54.2303853935597 HUN 37
21.7992337 41.83253138 44.886345288126989 MKD 38
114.8081424 4.440337379 116.75739150462745 BRN 39
24.43954473 -28.47363668 66.845126620707504 ZAF 40
19.31241549 14.98437161 5.7005715521665303 TCD 41
1.878629061 45.5684308 49.859637740709964 FRA 42
34.93308431 -18.50335286 11.401143104333061 MOZ 43
37.49753174 7.921296078 9.0133950348037999 ETH 44
39.02581608 14.72432906 10.664792828498646 ERI 45
2.026484545 42.37868488 59.515714280594544 AND 46
17.92016029 44.11334509 61.924057445565516 BIH 47
18.33097001 -12.38570719 19.747359121068413 AGO 48
26.21072602 64.00046595 64.494604818817223 FIN 49
29.88296121 14.81174114 16.123651204704306 SDN 50
90.32593809 27.66685936 38.240596503737549 BTN 51
98.1503275 21.94666937 19.747359121068413 MMR 52
104.7407392 46.60589825 125.86521187531538 MNG 53
127.6120178 37.04701042 82.707415764842111 KOR 54
21.38483149 6.953321234 4.0309128011760764 CAF 55
34.45387287 31.22842251 61.792723135584602 ISR 56
105.7642562 16.04775516 39.08114958652579 VNM 57
-5.059443556 31.6181051 31.994378485495933 MAR 58
35.84974177 34.02573119 47.352503687498427 LBN 59
44.71030998 25.23183661 102.76851515393882 SAU 60
52.94406057 32.13141645 72.219739832195017 IRN 61
43.22149429 11.41034345 14.533662791564524 DJI 62
23.88141253 55.70386047 54.529177657061588 LTU 63
100.2520917 59.84100047 79.706140805949801 RUS 64
29.63902523 -20.21530024 20.553703030787766 ZWE 65
-11.6245998 20.05117016 20.553703030787766 MRT 66
24.36998477 -21.57225931 40.309128011760762 BWA 67
50.79943185 25.34726903 147.44547879910303 QAT 68
-16.60327111 13.78017844 10.664792828498646 GMB 69
77.27930982 20.03179439 32.247302409408611 IND 70
11.52973684 6.135500826 12.092738403528228 CMR 71
-9.328705841 6.223360338 10.664792828498646 LBR 72
-1.932294579 8.367064796 17.570341550550975 GHA 73
24.88647591 46.07291753 46.661189155783539 ROU 74
32.12110044 49.5134333 53.627806853266648 UKR 75
30.07906587 -3.528136608 5.7005715521665303 BDI 76
38.03011242 0.7504932057 13.3690253241415 KEN 77
-10.17686612 10.92548714 12.092738403528228 GIN 78
33.92276021 -13.07417147 6.9817457725167476 MWI 79
15.040063 46.27382983 59.515714280594544 SVN 80
28.61349193 -29.65915399 24.519085349893274 LSO 81
-5.154721841 7.876233641 15.082294657962107 CIV 82
48.9723562 9.848316943 4.0309128011760764 SOM 83
29.46494768 7.823388355 8.0618256023521528 SSD 84
125.7255963 -8.767336621 15.082294657962107 TLS 85
9.644178587 47.21263678 46.661189155783539 LIE 86
3.920542862 50.69110707 65.121389272564087 BEL 87
14.9349455 -1.02408186 18.0267900696076 COG 88
35.10221509 -5.830055621 10.664792828498646 TZA 89
15.01681507 49.47876813 69.467493327264179 CZE 90
112.5327194 2.325865703 70.396865649395025 MYS 91
19.31648172 48.86688452 57.43166701541135 SVK 92
31.98546478 0.8391310952 8.0618256023521528 UGA 93
126.6029845 39.95002042 25.81043545618887 PRK 94
6.263964772 49.90885182 87.573841876689386 LUX 95
2.002978238 9.157198701 18.0267900696076 BEN 96
21.80079271 38.96882796 54.2303853935597 GRC 97
8.068424449 46.99222334 46.834974446907694 CHE 98
-13.95437039 14.01259477 19.331578679605002 SEN 99
36.06819646 30.90807491 38.240596503737549 JOR 100
6.044016625 52.42833414 68.762221321808539 NLD 101
56.86357066 20.50378511 84.55314024151599 OMN 102
12.86745968 43.06832658 54.379986740938982 ITA 103
104.9011273 18.49739389 52.246601284630053 LAO 104
44.92536693 40.11929847 34.203429312999177 ARM 105
54.38867083 23.7326447 94.447306196980293 ARE 106
35.26429564 32.25595601 18.471963031155848 PSE 107
15.19596657 62.31494926 47.352503687498427 SWE 108
29.24584198 47.03349493 27.33898075077996 MDA 109
-4.020642719 40.47659957 51.305143969498772 ESP 110
8.22916364 9.721446328 18.906656929110273 NGA 111
20.12520623 40.73242777 30.432724271892816 ALB 112
31.38166622 -26.84019282 22.078218685404735 SWZ 113
43.61965555 42.48488068 38.240596503737549 GEO 114
17.23336106 25.0828822 65.865657886738958 LBY 115
147.1201711 -5.804892037 20.945237317550244 PNG 116
19.89460671 51.77916661 68.168921005513624 POL 117
13.24553463 47.12452527 62.835711952650733 AUT 118
114.2957644 22.03952518 49.532685770241244 HKG 119
25.83771809 59.36215601 68.049640212460133 EST 120
10.14368846 62.09669324 66.845126620707504 NOR 121
19.09564559 41.91606296 46.486754193222893 MNE 122
44.156902 33.20674422 55.415889093467548 IRQ 123
-14.75423449 12.31938228 9.0133950348037999 GNB 124
-4.140101104 16.65571754 9.8736795605342067 MLI 125
68.17577133 47.63771853 95.473937511733411 KAZ 126
