15.5 45.2 42.72147279023433 HRV 0
64.0 41.0 21.895351451295877 UZB 1
25.0 43.0 37.3924402947852 BGR 2
10.0 2.0 27.03917563577174 GNQ 3
21.0 44.0 34.0300847079429 SRB 4
-2.0 13.0 11.31719461042784 BFA 5
1.2 8.0 11.473301220733907 TGO 6
60.0 40.0 28.087905024179275 TKM 7
25.0 57.0 44.57579756106785 LVA 8
9.0 51.0 57.47493486053067 DEU 9
100.0 15.0 32.120813266559274 THA 10
47.5 40.5 29.38780523834088 AZE 11
105.0 35.0 32.56084491097164 CHN 12
11.8 -1.0 28.449735573337918 GAB 13
70.0 30.0 16.738356559039026 PAK 14
30.0 -2.0 11.589001302538628 RWA 15
38.0 35.0 15.92135287631193 SYR 16
30.0 -15.0 13.956598835819326 ZMB 17
10.0 56.0 60.468789735477664 DNK 18
84.0 28.0 15.32355394130915 NPL 19
9.0 34.0 24.934239455649134 TUN 20
30.0 27.0 26.658206494747144 EGY 21
75.0 41.0 16.631741738198304 KGZ 22
90.0 24.0 18.214277711256717 BGD 23
3.0 28.0 25.585649443722815 DZA 24
8.0 16.0 8.643650159471976 NER 25
65.0 33.0 10.50191213985869 AFG 26
48.0 15.0 8.947027923083489 YEM 27
-8.0 39.5 44.81459818534229 PRT 28
25.0 0.0 8.057846094831906 COD 29
47.7 29.3 56.61740097627956 KWT 30
105.0 13.0 15.724611921192242 KHM 31
120.0 -5.0 26.356215809279057 IDN 32
71.0 39.0 16.604981074463122 TJK 33
-11.5 8.5 9.891311536566894 SLE 34
35.0 39.0 43.36207232897648 TUR 35
28.0 53.0 33.79403502836679 BLR 36
20.0 47.0 44.565819766301324 HUN 37
22.0 41.8 31.05075604439649 MKD 38
114.7 4.5 62.501250086970735 BRN 39
24.0 -29.0 28.008627685644814 ZAF 40
19.0 15.0 9.09492270142982 TCD 41
12.4 43.8 56.47583759075677 SMR 42
2.0 46.0 52.75459819727008 FRA 43
35.0 -18.2 8.540129656723096 MOZ 44
38.0 8.0 11.966591779564258 ETH 45
39.0 15.0 10.244683402439316 ERI 46
1.6 42.5 55.67483379885169 AND 47
18.0 44.0 30.384788296737526 BIH 48
18.5 -12.5 18.18984540285964 AGO 49
26.0 64.0 54.73228496304892 FIN 50
30.0 15.0 14.701467048304272 SDN 51
90.5 27.5 23.91459467588966 BTN 52
98.0 22.0 15.265399826618122 MMR 53
105.0 46.0 25.32358398833653 MNG 54
21.0 7.0 7.661776970654575 CAF 55
34.8 31.5 50.15303744877051 ISR 56
106.0 16.0 21.834333167908213 VNM 57
-5.0 32.0 21.024986828440454 MAR 58
35.8 33.8 24.02591224260144 LBN 59
45.0 25.0 52.84724624185024 SAU 60
53.0 32.0 28.056220970073944 IRN 61
43.0 11.5 17.440968232711608 DJI 62
24.0 56.0 47.931358821127766 LTU 63
100.0 60.0 40.564245478884196 RUS 64
30.0 -20.0 15.17775087349785 ZWE 65
-12.0 20.0 17.5426657023912 MRT 66
24.0 -22.0 31.321697741705524 BWA 67
51.2 25.5 72.64927907933881 QAT 68
-16.6 13.5 11.473301220733907 GMB 69
77.0 20.0 19.98392119978782 IND 70
12.0 6.0 14.821972892424723 CMR 71
-9.5 6.5 8.84705799295659 LBR 72
-2.0 8.0 18.648586388090393 GHA 73
25.0 46.0 42.64854253109697 ROU 74
32.0 49.0 28.340102273155335 UKR 75
30.0 -3.5 6.668720877534479 BDI 76
38.0 1.0 16.47052557355204 KEN 77
-10.0 11.0 12.260294161296828 GIN 78
34.0 -13.5 9.43099550868987 MWI 79
15.0 46.0 49.068373898398285 SVN 80
28.5 -29.5 12.792824721861408 LSO 81
-5.0 8.0 17.769357073667468 CIV 82
49.0 10.0 7.833973234355645 SOM 83
30.0 8.0 6.800787577050382 SSD 84
125.5 -8.6 16.443502543746042 TLS 85
9.5 47.2 94.30995508689868 LIE 86
4.0 50.8 56.286532574579084 BEL 87
15.0 -1.0 13.237032986334555 COG 88
35.0 -6.0 12.688106796355417 TZA 89
15.5 49.8 48.44815390868121 CZE 90
112.5 2.5 40.18976438515535 MYS 91
19.5 48.7 43.115227406973105 SVK 92
32.0 1.0 11.511997118855765 UGA 93
6.2 49.8 71.60728271500132 LUX 94
2.2 9.5 14.364864391320722 BEN 95
22.0 39.0 41.91226081503284 GRC 96
8.0 47.0 63.67842807285596 CHE 97
-14.0 14.0 14.24049093007811 SEN 98
36.0 31.0 24.520588322593657 JOR 99
5.8 52.5 58.23591998710352 NLD 100
57.0 21.0 40.487429579206825 OMN 101
12.8 42.8 50.94483755979808 ITA 102
105.0 18.0 21.58853546985124 LAO 103
45.0 40.0 28.230043207777054 ARM 104
54.0 24.0 61.56930634060815 ARE 105
35.2 32.0 19.96165498540839 PSE 106
15.0 62.0 57.45171735408521 SWE 107
29.0 47.0 30.016652724218364 MDA 108
-4.0 40.0 48.19967660225877 ESP 109
8.0 10.0 17.02810572814448 NGA 110
20.0 41.0 29.25129340492505 ALB 111
31.5 -26.5 21.56792588475248 SWZ 112
43.5 42.0 29.808510967279723 GEO 113
17.0 25.0 30.472479065784146 LBY 114
147.0 -6.0 15.58256192857435 PNG 115
20.0 52.0 44.735139615417445 POL 116
13.3 47.3 56.99318431115766 AUT 117
114.2 22.2 61.58375075285161 HKG 118
26.0 59.0 48.005527312409534 EST 119
10.0 62.0 62.58657606538522 NOR 120
19.0 42.0 35.526198311712655 MNE 121
44.0 33.0 24.593027441482548 IRQ 122
-15.0 12.0 10.752989313228532 GNB 123
-4.0 17.0 11.35642243900544 MLI 124
68.0 48.0 38.08767990055555 KAZ 125