-34.32780861 83.46576867 11.174339447219777 NLD 0
121.1719188 52.58810276 20.905274867504659 UZB 1
5.337324686 41.64038552 9.1238099527807641 ITA 2
-31.2923429 41.80906048 15.130127135942006 FRA 3
10.89610067 68.28585627 28.48908744644163 DEU 4
105.8033495 -220.2124592 89.74323430916192 THA 5
362.275376 -20.38236372 306.2598135576464 CHN 6
-19.14471583 -99.58344687 22.348678894439555 PAK 7
92.56122539 144.6270003 11.174339447219777 SWE 8
105.6471138 142.7720991 6.4515078878685932 FIN 9
-66.49380708 16.5097947 13.685714929171148 ESP 10
138.8923269 -136.3729964 40.030553706492505 MMR 11
33.86074649 -18.86113501 58.598730423504321 NPL 12
9.415213386 119.5438448 6.4515078878685932 DNK 13
-30.25046976 57.67821493 6.4515078878685932 BEL 14
86.25301597 -125.4426901 30.260254271884012 BGD 15
36.953583 83.15999594 12.069666072236936 CZE 16
-66.20058055 -77.86667611 12.069666072236936 IRN 17
169.7157736 152.7004827 67.66398556836107 RUS 18
132.7579509 -342.4608853 56.795258931625426 MYS 19
62.97246733 113.4004268 28.121470916674731 POL 20
-43.62541715 -220.3272641 125.59745449777407 IND 21
180.0251607 -183.9759378 28.852020389300527 KHM 22
225.4322558 -499.6263662 172.26854971646875 IDN 23
-10.15938902 33.80171763 6.4515078878685932 CHE 24
-122.7782972 -89.18984332 29.564523242762501 TUR 25
114.2511221 84.17323857 27.371429858342296 KAZ 26
