-97.2402426 10.77208293 3.6772005609005647 ECU 0
-88.50366527 10.26948668 0.8593479713983122 SUR 1
-89.54101327 8.374872456 2.1880083839428521 BRA 2
-91.12744952 4.764419892 1.7553460337663038 ARG 3
-99.33300176 18.86261813 3.2858897332920622 NIC 4
-106.4027699 27.78587126 1.8264412411041659 BLZ 5
-91.59367751 6.643431992 1.4538148590038451 BOL 6
-101.2837576 23.09691424 4.1795749250092928 HND 7
-89.37879955 5.98615586 1.7841241161527712 PRY 8
-107.2170159 35.1320372 0.88848664465809557 CAN 9
-87.47119845 4.848462815 1.9015783725757562 URY 10
-107.5287913 13.4373957 7.5289192140445662 SLV 11
-111.5714971 27.8910472 3.492511251028815 MEX 12
-100.4401813 14.39959058 4.3409613292542026 CRI 13
-95.33559957 15.8933833 3.3320637494037566 PAN 14
-108.2649877 21.54035313 5.5806307227966698 GTM 15
-90.27588982 12.75375363 2.4566553364370574 VEN 16
-94.60642479 4.57290516 2.2053968035000691 CHL 17
-93.76183268 7.104301786 2.2226491926465659 PER 18
-107.4114464 31.79722339 2.6172559581888768 USA 19
-93.37911536 11.77525713 2.9424528720438508 COL 20
-87.55963827 10.64981571 0.82918595873120515 GUF 21
-89.15716576 11.08678806 0.87403874447366325 GUY 22
