15.5 45.2 1.285312533702941 HRV 0
64.0 41.0 1.3564037533648712 UZB 1
25.0 43.0 1.191495737457632 BGR 2
-13.0 24.5 0.22567583341910252 ESH 3
10.0 2.0 1.187481703351337 GNQ 4
21.0 44.0 1.3727325035155395 SRB 5
-2.0 13.0 1.4002817212590295 BFA 6
1.2 8.0 1.95928998042059 TGO 7
60.0 40.0 0.5641895835477563 TKM 8
25.0 57.0 0.8234075889688375 LVA 9
9.0 51.0 2.345292057134016 DEU 10
100.0 15.0 1.800109619259613 THA 11
47.5 40.5 1.7047490316342782 AZE 12
105.0 35.0 1.8677998695187732 CHN 13
11.8 -1.0 0.4686510657907603 GAB 14
70.0 30.0 2.6827199866209495 PAK 15
30.0 -2.0 3.6301555459799424 RWA 16
38.0 35.0 1.708479340321492 SYR 17
30.0 -15.0 0.7998767850296815 ZMB 18
10.0 56.0 1.8463745234996063 DNK 19
84.0 28.0 2.229798291817179 NPL 20
9.0 34.0 1.3599192765483632 TUN 21
90.0 24.0 5.535962052053407 BGD 22
75.0 41.0 0.8991702346646203 KGZ 23
30.0 27.0 1.6165779181867237 EGY 24
3.0 28.0 0.6651697090182843 DZA 25
8.0 16.0 0.7046725639945928 NER 26
65.0 33.0 1.2218319713454786 AFG 27
48.0 15.0 1.227031279816994 YEM 28
-8.0 39.5 1.6067025788709441 PRT 29
25.0 0.0 1.02023199705802 COD 30
47.7 29.3 2.3621965000401324 KWT 31
-5.4 36.2 10.529960387069917 GIB 32
105.0 13.0 1.488434347843123 KHM 33
120.0 -5.0 1.8463745234996063 IDN 34
71.0 39.0 1.2988619621707653 TJK 35
-11.5 8.5 1.6765071711754984 SLE 36
35.0 39.0 1.589773724873857 TUR 37
28.0 53.0 1.0387831891992914 BLR 38
20.0 47.0 1.6017420774398583 HUN 39
22.0 41.8 1.3808244704671577 MKD 40
114.7 4.5 1.4070847494245604 BRN 41
24.0 -29.0 1.071960208740737 ZAF 42
19.0 15.0 0.5781222885281109 TCD 43
12.4 43.8 3.596238406397359 SMR 44
2.0 46.0 1.6516403133234205 FRA 45
35.0 -18.2 0.9965574970333758 MOZ 46
38.0 8.0 1.607692842495848 ETH 47
39.0 15.0 0.8444016491289505 ERI 48
1.6 42.5 1.9827070117316412 AND 49
18.0 44.0 1.202134303343187 BIH 50
18.5 -12.5 0.8234075889688375 AGO 51
26.0 64.0 0.6482044814428575 FIN 52
30.0 15.0 0.7715176518808163 SDN 53
90.5 27.5 0.690988298942671 BTN 54
98.0 22.0 1.3888692920047485 MMR 55
105.0 46.0 0.22567583341910252 MNG 56
127.5 37.0 3.498430380008548 KOR 57
21.0 7.0 0.461809077155419 CAF 58
34.8 31.5 3.1270560761786874 ISR 59
113.5 22.2 22.21875713626135 MAC 60
106.0 16.0 2.697510703993861 VNM 61
-5.0 32.0 1.3980066885278033 MAR 62
35.8 33.8 3.474235294865525 LBN 63
45.0 25.0 0.6307831305050401 SAU 64
53.0 32.0 1.1255546841497694 IRN 65
43.0 11.5 1.0630146264057032 DJI 66
24.0 56.0 1.0013371767186818 LTU 67
100.0 60.0 0.45135166683820505 RUS 68
30.0 -20.0 0.9965574970333758 ZWE 69
-12.0 20.0 0.3289762321239771 MRT 70
24.0 -22.0 0.3289762321239771 BWA 71
51.2 25.5 2.335090651415558 QAT 72
-16.6 13.5 2.5142860496789305 GMB 73
77.0 20.0 3.329196635364092 IND 74
12.0 6.0 1.1821084554078958 CMR 75
12.4 41.9 5.211047532918807 VAT 76
-9.5 6.5 1.1396070970426018 LBR 77
-2.0 8.0 1.8601151746109177 GHA 78
25.0 46.0 1.4127289146798006 ROU 79
32.0 49.0 1.2100518486599807 UKR 80
30.0 -3.5 3.4484862400517735 BDI 81
38.0 1.0 1.4948362455500637 KEN 82
-10.0 11.0 1.1534883286137945 GIN 83
34.0 -13.5 2.2630965663659146 MWI 84
15.0 46.0 1.5584301176447801 SVN 85
28.5 -29.5 1.3303394180365686 LSO 86
-5.0 8.0 1.4472315126092794 CIV 87
49.0 10.0 0.8175883811466259 SOM 88
30.0 8.0 0.6358093703724522 SSD 89
125.5 -8.6 1.4527197064122632 TLS 90
9.5 47.2 2.3889948219440256 LIE 91
4.0 50.8 2.983810904960404 BEL 92
15.0 -1.0 0.6432750982580687 COG 93
35.0 -6.0 1.3255453865237978 TZA 94
15.5 49.8 1.770692626886535 CZE 95
112.5 2.5 1.5522905135351743 MYS 96
19.5 48.7 1.6506764146050092 SVK 97
32.0 1.0 2.3642169108157916 UGA 98
127.0 40.0 2.2383470706154722 PRK 99
6.2 49.8 2.4220758044221617 LUX 100
2.2 9.5 1.6746074457254738 BEN 101
22.0 39.0 1.3599192765483632 GRC 102
8.0 47.0 2.265907867532249 CHE 103
-14.0 14.0 1.4592782937361741 SEN 104
36.0 31.0 1.7159156293944244 JOR 105
5.8 52.5 3.474235294865525 NLD 106
57.0 21.0 0.5890312181373173 OMN 107
12.8 42.8 2.1431779341977415 ITA 108
105.0 18.0 0.8740387444736633 LAO 109
45.0 40.0 1.5001502909106808 ARM 110
7.4 43.7 20.460022346497205 MCO 111
54.0 24.0 1.7580639905431792 ARE 112
35.2 32.0 4.5363789680517295 PSE 113
15.0 62.0 0.7756324418739615 SWE 114
29.0 47.0 1.5522905135351743 MDA 115
-4.0 40.0 1.4809304898631528 ESP 116
8.0 10.0 2.3809869955405705 NGA 117
20.0 41.0 1.5440663999700894 ALB 118
31.5 -26.5 1.2741194683142285 SWZ 119
43.5 42.0 1.112755794078353 GEO 120
17.0 25.0 0.29854106607209235 LBY 121
147.0 -6.0 0.7247146419131151 PNG 122
20.0 52.0 1.7580639905431792 POL 123
13.3 47.3 1.5827503922812443 AUT 124
114.2 22.2 12.82858438623465 HKG 125
26.0 59.0 0.8444016491289505 EST 126
10.0 62.0 0.5890312181373173 NOR 127
19.0 42.0 1.037249929043725 MNE 128
44.0 33.0 1.5553633450087505 IRQ 129
-15.0 12.0 1.3279445656570912 GNB 130
-4.0 17.0 0.6627726932618989 MLI 131
68.0 48.0 0.4107362166615078 KAZ 132
