15.5 45.2 0.0496326526510155 HRV 0
64.0 41.0 0.14699710307927992 UZB 1
25.0 43.0 0.06410693363840546 BGR 2
-13.0 24.5 0.018999037105401384 ESH 3
10.0 2.0 0.032459293326693777 GNQ 4
21.0 44.0 0.06627967063302664 SRB 5
-2.0 13.0 0.11953232140777578 BFA 6
1.2 8.0 0.07458833816837786 TGO 7
60.0 40.0 0.06327732657363065 TKM 8
25.0 57.0 0.03353488971037973 LVA 9
9.0 51.0 0.22623931952327283 DEU 10
100.0 15.0 0.2100521084245378 THA 11
47.5 40.5 0.07999165789047356 AZE 12
105.0 35.0 0.9359871183184552 CHN 13
11.8 -1.0 0.038695344740789572 GAB 14
70.0 30.0 0.38441892661511126 PAK 15
30.0 -2.0 0.09306563277096947 RWA 16
38.0 35.0 0.11946972543904659 SYR 17
30.0 -15.0 0.11242813518136076 ZMB 18
10.0 56.0 0.06026801897559961 DNK 19
84.0 28.0 0.13778937357909129 NPL 20
9.0 34.0 0.08749669178092592 TUN 21
90.0 24.0 0.32600639501092566 BGD 22
75.0 41.0 0.06433493180262049 KGZ 23
30.0 27.0 0.26318098569918163 EGY 24
3.0 28.0 0.16740656292176684 DZA 25
8.0 16.0 0.12929053976583813 NER 26
65.0 33.0 0.1611094701095222 AFG 27
48.0 15.0 0.14549638820483827 YEM 28
-8.0 39.5 0.0793544231809036 PRT 29
25.0 0.0 0.25067991427419503 COD 30
47.7 29.3 0.05146510043646395 KWT 31
-5.4 36.2 0.0044781159910813845 GIB 32
105.0 13.0 0.10204191784185635 KHM 33
120.0 -5.0 0.41296981829130246 IDN 34
71.0 39.0 0.07895026403534689 TJK 35
-11.5 8.5 0.07349855153963996 SLE 36
35.0 39.0 0.2296383291706684 TUR 37
28.0 53.0 0.0763971862902423 BLR 38
20.0 47.0 0.07900064517714766 HUN 39
22.0 41.8 0.0357982625524751 MKD 40
114.7 4.5 0.016679413674486074 BRN 41
24.0 -29.0 0.1926771445335837 ZAF 42
19.0 15.0 0.10598207845559278 TCD 43
12.4 43.8 0.00454864184146723 SMR 44
2.0 46.0 0.19948151243033582 FRA 45
35.0 -18.2 0.14432560632812557 MOZ 46
38.0 8.0 0.2788381091406605 ETH 47
39.0 15.0 0.0479959232259584 ERI 48
1.6 42.5 0.007024103669400642 AND 49
18.0 44.0 0.04442074948099501 BIH 50
18.5 -12.5 0.15014122628262324 AGO 51
26.0 64.0 0.05837658470211891 FIN 52
30.0 15.0 0.1719390318668788 SDN 53
90.5 27.5 0.02199615936929358 BTN 54
98.0 22.0 0.1831340616542503 MMR 55
105.0 46.0 0.04602556129536202 MNG 56
127.5 37.0 0.1783847555479654 KOR 57
21.0 7.0 0.0594035638512834 CAF 58
34.8 31.5 0.07508386240865022 ISR 59
113.5 22.2 0.02079863301574821 MAC 60
106.0 16.0 0.24647208127598937 VNM 61
-5.0 32.0 0.15248782635255154 MAR 62
35.8 33.8 0.0573589660262078 LBN 63
45.0 25.0 0.15067770552389312 SAU 64
53.0 32.0 0.2340863308413526 IRN 65
43.0 11.5 0.026426726817508763 DJI 66
24.0 56.0 0.040871631759602325 LTU 67
100.0 60.0 0.29792735987544017 RUS 68
30.0 -20.0 0.10119774685333216 ZWE 69
-12.0 20.0 0.054665283420955815 MRT 70
24.0 -22.0 0.04054713999950279 BWA 71
51.2 25.5 0.04085605271129112 QAT 72
-16.6 13.5 0.04128233436505275 GMB 73
77.0 20.0 0.9369570321943995 IND 74
12.0 6.0 0.1326793501096096 CMR 75
12.4 41.9 0.0005641895835477563 VAT 76
-9.5 6.5 0.0577020052466329 LBR 77
-2.0 8.0 0.14480340856687333 GHA 78
25.0 46.0 0.11056244642334988 ROU 79
32.0 49.0 0.15026519918575085 UKR 80
30.0 -3.5 0.09019448853006008 BDI 81
38.0 1.0 0.18400885634431344 KEN 82
-10.0 11.0 0.09338147210236592 GIN 83
34.0 -13.5 0.1134133333907473 MWI 84
15.0 46.0 0.03609049811604256 SVN 85
28.5 -29.5 0.037842782375783024 LSO 86
-5.0 8.0 0.1332001304278577 CIV 87
49.0 10.0 0.1055894032252927 SOM 88
30.0 8.0 0.0825473181486619 SSD 89
125.5 -8.6 0.028917124182823195 TLS 90
9.5 47.2 0.004918490759365935 LIE 91
4.0 50.8 0.0847412003237287 BEL 92
15.0 -1.0 0.06125810353104892 COG 93
35.0 -6.0 0.20356926529410458 TZA 94
15.5 49.8 0.08030738822779497 CZE 95
112.5 2.5 0.14519854920628859 MYS 96
19.5 48.7 0.05967621809920808 SVK 97
32.0 1.0 0.1727820812625122 UGA 98
127.0 40.0 0.12679086123150267 PRK 99
6.2 49.8 0.020058506827187097 LUX 100
2.2 9.5 0.09179661005148008 BEN 101
22.0 39.0 0.07971661412637391 GRC 102
8.0 47.0 0.07352236725767971 CHE 103
-14.0 14.0 0.10447718706499783 SEN 104
36.0 31.0 0.08346574248767242 JOR 105
5.8 52.5 0.10404977582331972 NLD 106
57.0 21.0 0.053422527453536555 OMN 107
12.8 42.8 0.19019968076941616 ITA 108
105.0 18.0 0.06849038467325559 LAO 109
45.0 40.0 0.04131701731252717 ARM 110
7.4 43.7 0.004720348719413148 MCO 111
54.0 24.0 0.076472146752713845 ARE 112
35.2 32.0 0.05745045874350983 PSE 113
15.0 62.0 0.0807540379067655 SWE 114
29.0 47.0 0.04594942301114437 MDA 115
-4.0 40.0 0.1708823982417218 ESP 116
8.0 10.0 0.3708468388366519 NGA 117
20.0 41.0 0.04171952130181945 ALB 118
31.5 -26.5 0.027274350661592637 SWZ 119
43.5 42.0 0.047863099052033204 GEO 120
17.0 25.0 0.0650606245472025 LBY 121
147.0 -6.0 0.07967267881951224 PNG 122
20.0 52.0 0.15877802522906753 POL 123
13.3 47.3 0.07419682932274572 AUT 124
114.2 22.2 0.06785068816066765 HKG 125
26.0 59.0 0.028512513907289923 EST 126
10.0 62.0 0.05799912824508917 NOR 127
19.0 42.0 0.019617253946365758 MNE 128
44.0 33.0 0.1672201201159342 IRQ 129
-15.0 12.0 0.036354128341016496 GNB 130
-4.0 17.0 0.11964145298264679 MLI 131
68.0 48.0 0.10976496482003109 KAZ 132
