-77.5 -2.0 0.10572647858089372 ECU 0
-56.0 4.0 0.019568515351939713 SUR 1
-55.0 -10.0 0.3646795081809951 BRA 2
-64.0 -34.0 0.1677143098021246 ARG 3
-85.0 13.0 0.06580250285329658 NIC 4
-88.8 17.2 0.015887722925068462 BLZ 5
-65.0 -17.0 0.08725078359517202 BOL 6
-86.5 15.0 0.08068305573256819 HND 7
-58.0 -23.0 0.06493329463680779 PRY 8
-95.0 60.0 0.1543726214356738 CAN 9
-56.0 -33.0 0.04586274880447626 URY 10
-88.9 13.8 0.06254112152357375 SLV 11
-102.0 23.0 0.2809550832702643 MEX 12
-84.0 10.0 0.0565935868697267 CRI 13
-80.0 9.0 0.05239981944836622 PAN 14
-90.2 15.5 0.10544007489916373 GTM 15
-66.0 8.0 0.13312124658937874 VEN 16
-71.0 -30.0 0.10982874458416953 CHL 17
-76.0 -10.0 0.14529168947994455 PER 18
-97.0 38.0 0.4570854954328978 USA 19
-72.0 4.0 0.1789032625908939 COL 20
-53.0 4.0 0.01385427231466257 GUF 21
-59.0 5.0 0.02236212939759394 GUY 22
